[2015.11.19-13.07.41:873][  0]Log file open, 11/19/15 16:07:41
[2015.11.19-13.07.41:873][  0]LogInit:Display: Running engine for game: ASDf
[2015.11.19-13.07.41:873][  0]LogInit:Display: RandInit(100184584) SRandInit(100184584).
[2015.11.19-13.07.41:873][  0]LogTaskGraph: Started task graph with 4 named threads and 5 total threads.
[2015.11.19-13.07.41:873][  0]LogStats: Stats thread started at 0.099959
[2015.11.19-13.07.41:873][  0]LogInit: Version: 4.9.0-2672455+++depot+UE4-Releases+4.9
[2015.11.19-13.07.41:873][  0]LogInit: API Version: 2672455
[2015.11.19-13.07.41:873][  0]LogInit: Compiled (64-bit): Aug 28 2015 12:33:01
[2015.11.19-13.07.41:873][  0]LogInit: Compiled with Visual C++: 18.00.21005.01
[2015.11.19-13.07.41:873][  0]LogInit: Build Configuration: Development
[2015.11.19-13.07.41:873][  0]LogInit: Branch Name: ++depot+UE4-Releases+4.9
[2015.11.19-13.07.41:873][  0]LogInit: Command line:  
[2015.11.19-13.07.41:873][  0]LogInit: Base directory: E:/Developing/Epic Games/4.9/Engine/Binaries/Win64/
[2015.11.19-13.07.41:873][  0]LogInit: Rocket: 1
[2015.11.19-13.07.41:889][  0]LogInit: Using libcurl 7.41.0
[2015.11.19-13.07.41:889][  0]LogInit:  - built for x86_64-pc-win32
[2015.11.19-13.07.41:889][  0]LogInit:  - supports SSL with WinSSL
[2015.11.19-13.07.41:889][  0]LogInit:  - other features:
[2015.11.19-13.07.41:889][  0]LogInit:      CURL_VERSION_SSL
[2015.11.19-13.07.41:889][  0]LogInit:      CURL_VERSION_IPV6
[2015.11.19-13.07.41:889][  0]LogInit:      CURL_VERSION_ASYNCHDNS
[2015.11.19-13.07.41:889][  0]LogInit:      CURL_VERSION_LARGEFILE
[2015.11.19-13.07.41:889][  0]LogInit:      CURL_VERSION_IDN
[2015.11.19-13.07.41:889][  0]LogInit:  CurlRequestOptions (configurable via config and command line):
[2015.11.19-13.07.41:889][  0]LogInit:  - bVerifyPeer = true  - Libcurl will verify peer certificate
[2015.11.19-13.07.41:889][  0]LogInit:  - bUseHttpProxy = false  - Libcurl will NOT use HTTP proxy
[2015.11.19-13.07.41:889][  0]LogInit:  - bDontReuseConnections = false  - Libcurl will reuse connections
[2015.11.19-13.07.41:889][  0]LogInit:  - CertBundlePath = nullptr  - Libcurl will use whatever was configured at build time.
[2015.11.19-13.07.41:912][  0]LogInit: Presizing for 0 objects not considered by GC, pre-allocating 0 bytes.
[2015.11.19-13.07.41:936][  0]LogInit: Object subsystem initialized
[2015.11.19-13.07.41:940][  0]LogInit: Selected Device Profile: [Windows]
[2015.11.19-13.07.41:940][  0]LogInit: Applying CVar settings loaded from the selected device profile: [Windows]
[2015.11.19-13.07.41:988][  0]LogInit: Computer: FENIX-NOTEBOOK
[2015.11.19-13.07.41:988][  0]LogInit: User: Johny
[2015.11.19-13.07.41:988][  0]LogInit: CPU Page size=4096, Cores=2
[2015.11.19-13.07.41:988][  0]LogInit: High frequency timer resolution =2.208004 MHz
[2015.11.19-13.07.41:988][  0]LogMemory: Memory total: Physical=7.7GB (8GB approx)
[2015.11.19-13.07.41:988][  0]LogMemory: Platform Memory Stats for Windows
[2015.11.19-13.07.41:988][  0]LogMemory: Process Physical Memory: 51.89 MB used, 51.89 MB peak
[2015.11.19-13.07.41:988][  0]LogMemory: Process Virtual Memory: 56.76 MB used, 56.76 MB peak
[2015.11.19-13.07.41:988][  0]LogMemory: Physical Memory: 2807.13 MB used, 7924.48 MB total
[2015.11.19-13.07.41:988][  0]LogMemory: Virtual Memory: 344.22 MB used, 134217728.00 MB total
[2015.11.19-13.07.42:043][  0]LogTextLocalizationManager: No translations for ('ru-RU') exist, falling back to 'en' for localization and internationalization data.
[2015.11.19-13.07.43:527][  0]LogD3D11RHI: Found D3D11 adapter 0: AMD Mobility Radeon HD 5000 Series (Feature Level 11_0)
[2015.11.19-13.07.43:527][  0]LogD3D11RHI: Adapter has 1014MB of dedicated video memory, 0MB of dedicated system memory, and 3712MB of shared system memory, 1 output[s]
[2015.11.19-13.07.43:531][  0]LogD3D11RHI: Found D3D11 adapter 1: Microsoft Basic Render Driver (Feature Level 11_0)
[2015.11.19-13.07.43:531][  0]LogD3D11RHI: Adapter has 0MB of dedicated video memory, 0MB of dedicated system memory, and 256MB of shared system memory, 0 output[s]
[2015.11.19-13.07.43:533][  0]LogD3D11RHI: Found D3D11 adapter 2: Microsoft Basic Render Driver (Feature Level 11_0)
[2015.11.19-13.07.43:533][  0]LogD3D11RHI: Adapter has 0MB of dedicated video memory, 0MB of dedicated system memory, and 256MB of shared system memory, 0 output[s]
[2015.11.19-13.07.43:533][  0]LogD3D11RHI: Chosen D3D11 Adapter Id = 0
[2015.11.19-13.07.43:539][  0]LogD3D11RHI: !Direct3DDevice
[2015.11.19-13.07.43:539][  0]LogRHI: Texture pool is 709 MB (70% of 1014 MB)
[2015.11.19-13.07.43:545][  0]LogD3D11RHI: Async texture creation disabled: no driver support
[2015.11.19-13.07.43:562][  0]LogShaderCompilers: Guid format shader working directory is 15 characters bigger than the processId version (C:/Users/Johny/Documents/Unreal Projects/ASDf/Intermediate/Shaders/WorkingDirectory/4264/).
[2015.11.19-13.07.43:562][  0]LogShaderCompilers: Cleaned the shader compiler working directory 'C:/Users/Johny/Documents/Unreal Projects/ASDf/Intermediate/Shaders/tmp/C677725141B5B8115BCD74A3994CD9AD/'.
[2015.11.19-13.07.43:562][  0]LogShaderCompilers:Display: Using Local Shader Compiler.
[2015.11.19-13.07.46:411][  0]LogTemp:Display: Loaded TP AllDesktopTargetPlatform
[2015.11.19-13.07.46:420][  0]LogTemp:Display: Loaded TP WindowsClientTargetPlatform
[2015.11.19-13.07.46:433][  0]LogTemp:Display: Loaded TP WindowsNoEditorTargetPlatform
[2015.11.19-13.07.46:443][  0]LogTemp:Display: Loaded TP WindowsServerTargetPlatform
[2015.11.19-13.07.46:452][  0]LogTemp:Display: Loaded TP WindowsTargetPlatform
[2015.11.19-13.07.46:461][  0]LogTemp:Display: Loaded TP AndroidTargetPlatform
[2015.11.19-13.07.46:469][  0]LogTemp:Display: Loaded TP Android_ASTCTargetPlatform
[2015.11.19-13.07.46:475][  0]LogTemp:Display: Loaded TP Android_ATCTargetPlatform
[2015.11.19-13.07.46:480][  0]LogTemp:Display: Loaded TP Android_DXTTargetPlatform
[2015.11.19-13.07.46:486][  0]LogTemp:Display: Loaded TP Android_ETC1TargetPlatform
[2015.11.19-13.07.46:497][  0]LogTemp:Display: Loaded TP Android_ETC2TargetPlatform
[2015.11.19-13.07.46:504][  0]LogTemp:Display: Loaded TP Android_PVRTCTargetPlatform
[2015.11.19-13.07.46:505][  0]LogTemp:Display: Loaded TP HTML5TargetPlatform
[2015.11.19-13.07.46:527][  0]LogTemp:Display: Loaded TP IOSTargetPlatform
[2015.11.19-13.07.46:536][  0]LogTemp:Display: Loaded TP LinuxNoEditorTargetPlatform
[2015.11.19-13.07.46:542][  0]LogTemp:Display: Loaded TP LinuxServerTargetPlatform
[2015.11.19-13.07.46:547][  0]LogTemp:Display: Loaded TP LinuxTargetPlatform
[2015.11.19-13.07.46:547][  0]LogTargetPlatformManager:Display: Building Assets For Windows
[2015.11.19-13.07.46:711][  0]LogDerivedDataCache:Display: Max Cache Size: 512 MB
[2015.11.19-13.07.47:365][  0]LogDerivedDataCache: Loaded boot cache 0.65s 41MB C:/Users/Johny/AppData/Local/UnrealEngine/4.9/DerivedDataCache/Boot.ddc.
[2015.11.19-13.07.47:365][  0]LogDerivedDataCache:Display: Loaded Boot cache: C:/Users/Johny/AppData/Local/UnrealEngine/4.9/DerivedDataCache/Boot.ddc
[2015.11.19-13.07.47:365][  0]LogDerivedDataCache: FDerivedDataBackendGraph:  Pak pak cache file C:/Users/Johny/Documents/Unreal Projects/ASDf/DerivedDataCache/DDC.ddp not found, will not use a pak cache.
[2015.11.19-13.07.47:365][  0]LogDerivedDataCache: Unable to find inner node Pak for hierarchical cache Hierarchy.
[2015.11.19-13.07.47:365][  0]LogDerivedDataCache: FDerivedDataBackendGraph:  CompressedPak pak cache file C:/Users/Johny/Documents/Unreal Projects/ASDf/DerivedDataCache/Compressed.ddp not found, will not use a pak cache.
[2015.11.19-13.07.47:365][  0]LogDerivedDataCache: Unable to find inner node CompressedPak for hierarchical cache Hierarchy.
[2015.11.19-13.07.47:635][  0]LogDerivedDataCache:Display: Pak cache opened for reading ../../../Engine/DerivedDataCache/Compressed.ddp.
[2015.11.19-13.07.47:647][  0]LogDerivedDataCache: Using Local data cache path C:/Users/Johny/AppData/Local/UnrealEngine/Common/DerivedDataCache: Writable
[2015.11.19-13.07.50:437][  0]LogInit: Selected Device Profile: [Windows]
[2015.11.19-13.07.50:446][  0]LogContentStreaming: Texture pool size is 0.000000MB
[2015.11.19-13.07.50:707][  0]LogMeshUtilities: No automatic mesh reduction module available
[2015.11.19-13.07.50:707][  0]LogMeshUtilities: No automatic mesh merging module available
[2015.11.19-13.07.51:429][  0]LogInit: WinSock: version 1.1 (2.2), MaxSocks=32767, MaxUdp=65467
[2015.11.19-13.08.07:984][  0]UdpMessaging: Initializing bridge on interface 0.0.0.0:0 to multicast group 230.0.0.1:6666.
[2015.11.19-13.08.08:341][  0]LogAssetRegistry: FAssetRegistry took 0.0183 seconds to start up
[2015.11.19-13.08.08:744][  0]SourceControl: Info Source control is disabled
[2015.11.19-13.08.08:864][  0]SourceControl: Info Source control is disabled
[2015.11.19-13.08.08:884][  0]SourceControl: Info Source control is disabled
[2015.11.19-13.08.08:908][  0]SourceControl: Info Source control is disabled
[2015.11.19-13.08.09:410][  0]LogLinker:Warning: Asset '../../../Engine/Plugins/Runtime/LeapMotionController/Content/LM_PassthroughMaterial.uasset' has been saved with empty engine version. The asset will be loaded but may be incompatible.
[2015.11.19-13.08.09:574][  0]LogObj: 28361 objects as part of root set at end of initial load.
[2015.11.19-13.08.09:574][  0]LogUObjectAllocator: 6038864 out of 0 bytes used by permanent object pool.
[2015.11.19-13.08.09:715][  0]LogEngine: Initializing Engine...
[2015.11.19-13.08.09:719][  0]LogHMD: Can't find Oculus library dev build: is proper Runtime installed? Version: 0.6.0.0
[2015.11.19-13.08.09:764][  0]LogHMD: SteamVR failed to initialize.  Err: 110
[2015.11.19-13.08.10:039][  0]LogAIModule: Creating AISystem for world NewWorld
[2015.11.19-13.08.10:046][  0]LogInit: XAudio2 using 'Динамики (Устройство с поддержкой High Definition Audio)' : 2 channels at 48 kHz using 32 bits per sample (channel mask 0x3)
[2015.11.19-13.08.10:053][  0]LogInit: FAudioDevice initialized.
[2015.11.19-13.08.10:097][  0]LogDerivedDataCache: Saved boot cache 0.04s 41MB C:/Users/Johny/AppData/Local/UnrealEngine/4.9/DerivedDataCache/Boot.ddc.
[2015.11.19-13.08.10:112][  0]LogInit: Texture streaming: Enabled
[2015.11.19-13.08.10:120][  0]LogAnalytics: Creating configured Analytics provider AnalyticsET
[2015.11.19-13.08.10:120][  0]LogAnalytics: [UEEditor.Rocket.Release] APIServer = http://et2.epicgames.com/ET2/. AppVersion = 4.9.0-2672455+++depot+UE4-Releases+4.9
[2015.11.19-13.08.10:121][  0]LogAnalytics: [UEEditor.Rocket.Release] SetUserId acc850ee41f564ff878354b7b3a1f120|cf9063ea962f44dc9b342acb530fe232|618c7f8c-dafb-43b2-a445-f2cfd5f93e4d
[2015.11.19-13.08.10:121][  0]LogAnalytics: [UEEditor.Rocket.Release] AnalyticsET::StartSession
[2015.11.19-13.08.10:188][  0]LogInit: Transaction tracking system initialized
[2015.11.19-13.08.10:266][  0]BlueprintLog: New page: Editor Load
[2015.11.19-13.08.10:538][  0]LocalizationService: Info Localization service is disabled
[2015.11.19-13.08.11:141][  0]LogConsoleResponse:Display: 
[2015.11.19-13.08.13:472][  0]LogCook:Display: Done creating registry. It took  0.00s.
[2015.11.19-13.08.14:174][  0]LogFileCache: Scanning file cache for directory 'C:/Users/Johny/Documents/Unreal Projects/ASDf/Content/' took 0.02s
[2015.11.19-13.08.14:174][  0]SourceControl: Info Source control is disabled
[2015.11.19-13.08.14:174][  0]Cmd: MAP LOAD FILE="C:/Users/Johny/Documents/Unreal Projects/ASDf/Content/SideScrollerBP/Maps/SideScrollerExampleMap.umap" TEMPLATE=0 SHOWPROGRESS=1 FEATURELEVEL=3
[2015.11.19-13.08.14:309][  0]LightingResults: New page: Lighting Build
[2015.11.19-13.08.14:315][  0]MapCheck: New page: Map Check
[2015.11.19-13.08.14:316][  0]LightingResults: New page: Lighting Build
[2015.11.19-13.08.14:502][  0]LogParticles: Destroying 0 GPU particle simulations for FXSystem 0x000000A678ADE160
[2015.11.19-13.08.14:502][  0]LogLinker:Warning: Asset 'C:/Users/Johny/Documents/Unreal Projects/ASDf/Content/Mannequin/Animations/ThirdPerson_AnimBP.uasset' has been saved with empty engine version. The asset will be loaded but may be incompatible.
[2015.11.19-13.08.14:606][  0]LogLinker:Warning: Asset 'C:/Users/Johny/Documents/Unreal Projects/ASDf/Content/Mannequin/Animations/ThirdPerson_Jump.uasset' has been saved with empty engine version. The asset will be loaded but may be incompatible.
[2015.11.19-13.08.14:712][  0]LogLinker:Warning: Asset 'C:/Users/Johny/Documents/Unreal Projects/ASDf/Content/Mannequin/Animations/ThirdPersonJump_Loop.uasset' has been saved with empty engine version. The asset will be loaded but may be incompatible.
[2015.11.19-13.08.14:772][  0]LogLinker:Warning: Asset 'C:/Users/Johny/Documents/Unreal Projects/ASDf/Content/Mannequin/Animations/ThirdPersonJump_Start.uasset' has been saved with empty engine version. The asset will be loaded but may be incompatible.
[2015.11.19-13.08.14:837][  0]LogLinker:Warning: Asset 'C:/Users/Johny/Documents/Unreal Projects/ASDf/Content/Mannequin/Animations/ThirdPerson_IdleRun_2D.uasset' has been saved with empty engine version. The asset will be loaded but may be incompatible.
[2015.11.19-13.08.14:902][  0]LogLinker:Warning: Asset 'C:/Users/Johny/Documents/Unreal Projects/ASDf/Content/Mannequin/Animations/ThirdPersonIdle.uasset' has been saved with empty engine version. The asset will be loaded but may be incompatible.
[2015.11.19-13.08.14:969][  0]LogLinker:Warning: Asset 'C:/Users/Johny/Documents/Unreal Projects/ASDf/Content/Mannequin/Animations/ThirdPersonRun.uasset' has been saved with empty engine version. The asset will be loaded but may be incompatible.
[2015.11.19-13.08.15:033][  0]LogLinker:Warning: Asset 'C:/Users/Johny/Documents/Unreal Projects/ASDf/Content/Mannequin/Animations/ThirdPersonWalk.uasset' has been saved with empty engine version. The asset will be loaded but may be incompatible.
[2015.11.19-13.08.20:779][  0]LogAIModule: Creating AISystem for world SideScrollerExampleMap
[2015.11.19-13.08.20:817][  0]LogEditorServer: Finished looking for orphan Actors (0.000 secs)
[2015.11.19-13.08.20:818][  0]Cmd: MAP CHECKDEP NOCLEARLOG
[2015.11.19-13.08.20:971][  0]MapCheck: Info Map check complete: 0 Error(s), 0 Warning(s), took 153.662ms to complete.
[2015.11.19-13.08.20:972][  0]LogFileHelpers: Loading map 'SideScrollerExampleMap' took 6.798
[2015.11.19-13.08.21:233][  0]LogCollectionManager: Loaded 0 collections in 0.011636 seconds
[2015.11.19-13.08.21:287][  0]LogFileCache: Scanning file cache for directory 'C:/Users/Johny/Documents/Unreal Projects/ASDf/Saved/Collections/' took 0.01s
[2015.11.19-13.08.21:288][  0]LogFileCache: Scanning file cache for directory 'C:/Users/Johny/Documents/Unreal Projects/ASDf/Content/Developers/Johny/Collections/' took 0.01s
[2015.11.19-13.08.21:288][  0]LogFileCache: Scanning file cache for directory 'C:/Users/Johny/Documents/Unreal Projects/ASDf/Content/Collections/' took 0.01s
[2015.11.19-13.08.21:288][  0]LogContentBrowser: Native class hierarchy populated in 0.0197 seconds. Added 1867 classes and 333 folders.
[2015.11.19-13.08.21:301][  0]LogCollectionManager: Rebuilt the GUID cache for 0 collections in 0.000004 seconds
[2015.11.19-13.08.21:316][  0]LogContentBrowser: Native class hierarchy updated for 'WidgetCarousel' in 0.0007 seconds. Added 0 classes and 0 folders.
[2015.11.19-13.08.22:739][  0]LogContentBrowser: Native class hierarchy updated for 'AddContentDialog' in 0.0006 seconds. Added 0 classes and 0 folders.
[2015.11.19-13.08.22:747][  0]LogContentBrowser: Native class hierarchy updated for 'SceneOutliner' in 0.0007 seconds. Added 1 classes and 2 folders.
[2015.11.19-13.08.23:018][  0]LogCrashTracker: Crashtracker disabled due to settings.
[2015.11.19-13.08.23:027][  0]LogUObjectGlobals:Warning: Failed to find object 'Class None.'
[2015.11.19-13.08.23:052][  0]LogLoad: Full Startup: 42.52 seconds (BP compile: 0.31 seconds)
[2015.11.19-13.08.23:670][  0]LogContentStreaming: Texture pool size now 400 MB
[2015.11.19-13.08.23:989][  0]LogRenderer: Reallocating scene render targets to support 928x488 (Frame:2).
[2015.11.19-13.08.26:955][  8]LogAssetRegistry: Asset discovery search completed in 18.6326 seconds
[2015.11.19-13.08.26:955][  8]LogCollectionManager: Rebuilt the object cache for 0 collections in 0.000001 seconds (found 0 objects)
[2015.11.19-13.08.26:955][  8]LogCollectionManager: Fixed up redirectors for 0 collections in 0.000108 seconds (updated 0 objects)
[2015.11.19-13.14.50:762][453]LogWindowsTextInputMethodSystem:Display: IME system now deactivated.
[2015.11.19-13.14.51:148][454]Cmd: QUIT_EDITOR
[2015.11.19-13.14.51:605][454]LogExit: Preparing to exit.
[2015.11.19-13.14.52:435][454]LogExit: Editor shut down
[2015.11.19-13.14.52:436][454]LogExit: Transaction tracking system shut down
[2015.11.19-13.14.52:440][454]LogParticles: Destroying 0 GPU particle simulations for FXSystem 0x000000A66BBB1080
[2015.11.19-13.14.52:441][454]LogParticles: Destroying 0 GPU particle simulations for FXSystem 0x000000A67DD6F880
[2015.11.19-13.14.52:441][454]LogParticles: Destroying 0 GPU particle simulations for FXSystem 0x000000A67E6C9440
[2015.11.19-13.14.52:737][454]LogExit: Object subsystem successfully closed.
[2015.11.19-13.14.52:758][454]LogD3D11RHI: Shutdown
[2015.11.19-13.14.52:758][454]LogD3D11RHI: CleanupD3DDevice
[2015.11.19-13.14.52:814][454]LogD3D11RHI: ~FD3D11DynamicRHI
[2015.11.19-13.14.52:844][454]LogModuleManager: Shutting down and abandoning module ExternalImagePicker (198)
[2015.11.19-13.14.52:844][454]LogModuleManager: Shutting down and abandoning module CrashTracker (197)
[2015.11.19-13.14.52:844][454]LogModuleManager: Shutting down and abandoning module SceneOutliner (196)
[2015.11.19-13.14.52:844][454]LogModuleManager: Shutting down and abandoning module SuperSearch (195)
[2015.11.19-13.14.52:844][454]LogModuleManager: Shutting down and abandoning module WidgetCarousel (194)
[2015.11.19-13.14.52:844][454]LogModuleManager: Shutting down and abandoning module AddContentDialog (193)
[2015.11.19-13.14.52:846][454]LogModuleManager: Shutting down and abandoning module EditorWidgets (192)
[2015.11.19-13.14.52:846][454]LogModuleManager: Shutting down and abandoning module CollectionManager (191)
[2015.11.19-13.14.52:847][454]LogModuleManager: Shutting down and abandoning module StatsViewer (190)
[2015.11.19-13.14.52:847][454]LogModuleManager: Shutting down and abandoning module FoliageEdit (189)
[2015.11.19-13.14.52:847][454]LogModuleManager: Shutting down and abandoning module LandscapeEditor (188)
[2015.11.19-13.14.52:847][454]LogModuleManager: Shutting down and abandoning module ActorPickerMode (187)
[2015.11.19-13.14.52:847][454]LogModuleManager: Shutting down and abandoning module GeometryMode (186)
[2015.11.19-13.14.52:847][454]LogModuleManager: Shutting down and abandoning module TextureAlignMode (185)
[2015.11.19-13.14.52:847][454]LogModuleManager: Shutting down and abandoning module BspMode (184)
[2015.11.19-13.14.52:847][454]LogModuleManager: Shutting down and abandoning module PlacementMode (183)
[2015.11.19-13.14.52:847][454]LogModuleManager: Shutting down and abandoning module AutomationWorker (182)
[2015.11.19-13.14.52:847][454]LogModuleManager: Shutting down and abandoning module CharacterAI (181)
[2015.11.19-13.14.52:847][454]LogModuleManager: Shutting down and abandoning module SmartSnapping (180)
[2015.11.19-13.14.52:847][454]LogModuleManager: Shutting down and abandoning module ViewportSnapping (179)
[2015.11.19-13.14.52:847][454]LogModuleManager: Shutting down and abandoning module LogVisualizer (178)
[2015.11.19-13.14.52:847][454]LogModuleManager: Shutting down and abandoning module GameProjectGeneration (177)
[2015.11.19-13.14.52:847][454]LogModuleManager: Shutting down and abandoning module IntroTutorials (176)
[2015.11.19-13.14.52:847][454]LogModuleManager: Shutting down and abandoning module EditorLiveStreaming (175)
[2015.11.19-13.14.52:847][454]LogModuleManager: Shutting down and abandoning module IOSPlatformEditor (174)
[2015.11.19-13.14.52:847][454]LogModuleManager: Shutting down and abandoning module HTML5PlatformEditor (173)
[2015.11.19-13.14.52:847][454]LogModuleManager: Shutting down and abandoning module AndroidDeviceDetection (172)
[2015.11.19-13.14.53:027][454]LogModuleManager: Shutting down and abandoning module AndroidPlatformEditor (171)
[2015.11.19-13.14.53:027][454]LogModuleManager: Shutting down and abandoning module IOSRuntimeSettings (170)
[2015.11.19-13.14.53:027][454]LogModuleManager: Shutting down and abandoning module AndroidRuntimeSettings (169)
[2015.11.19-13.14.53:027][454]LogModuleManager: Shutting down and abandoning module MergeActors (168)
[2015.11.19-13.14.53:027][454]LogModuleManager: Shutting down and abandoning module SizeMap (167)
[2015.11.19-13.14.53:027][454]LogModuleManager: Shutting down and abandoning module TreeMap (166)
[2015.11.19-13.14.53:027][454]LogModuleManager: Shutting down and abandoning module ReferenceViewer (165)
[2015.11.19-13.14.53:027][454]LogModuleManager: Shutting down and abandoning module LocalizationService (164)
[2015.11.19-13.14.53:028][454]LogModuleManager: Shutting down and abandoning module LocalizationDashboard (163)
[2015.11.19-13.14.53:028][454]LogModuleManager: Shutting down and abandoning module HardwareTargeting (162)
[2015.11.19-13.14.53:028][454]LogModuleManager: Shutting down and abandoning module DeviceProfileEditor (161)
[2015.11.19-13.14.53:028][454]LogModuleManager: Shutting down and abandoning module UndoHistory (160)
[2015.11.19-13.14.53:028][454]LogModuleManager: Shutting down and abandoning module GameplayTagsEditor (159)
[2015.11.19-13.14.53:028][454]LogModuleManager: Shutting down and abandoning module UserFeedback (158)
[2015.11.19-13.14.53:028][454]LogModuleManager: Shutting down and abandoning module XmlParser (157)
[2015.11.19-13.14.53:028][454]LogModuleManager: Shutting down and abandoning module Blutility (156)
[2015.11.19-13.14.53:028][454]LogModuleManager: Shutting down and abandoning module ProjectTargetPlatformEditor (155)
[2015.11.19-13.14.53:028][454]LogModuleManager: Shutting down and abandoning module ProjectSettingsViewer (154)
[2015.11.19-13.14.53:028][454]LogModuleManager: Shutting down and abandoning module InputBindingEditor (153)
[2015.11.19-13.14.53:029][454]LogModuleManager: Shutting down and abandoning module EditorSettingsViewer (152)
[2015.11.19-13.14.53:029][454]LogModuleManager: Shutting down and abandoning module SettingsEditor (151)
[2015.11.19-13.14.53:029][454]LogModuleManager: Shutting down and abandoning module ProjectLauncher (150)
[2015.11.19-13.14.53:029][454]LogModuleManager: Shutting down and abandoning module SessionFrontend (149)
[2015.11.19-13.14.53:029][454]LogModuleManager: Shutting down and abandoning module ProfilerClient (148)
[2015.11.19-13.14.53:029][454]LogModuleManager: Shutting down and abandoning module TargetDeviceServices (147)
[2015.11.19-13.14.53:029][454]LogModuleManager: Shutting down and abandoning module DeviceManager (146)
[2015.11.19-13.14.53:029][454]LogModuleManager: Shutting down and abandoning module AutomationController (145)
[2015.11.19-13.14.53:029][454]LogModuleManager: Shutting down and abandoning module AutomationWindow (144)
[2015.11.19-13.14.53:029][454]LogModuleManager: Shutting down and abandoning module Layers (143)
[2015.11.19-13.14.53:030][454]LogModuleManager: Shutting down and abandoning module ComponentVisualizers (142)
[2015.11.19-13.14.53:030][454]LogModuleManager: Shutting down and abandoning module DetailCustomizations (141)
[2015.11.19-13.14.53:030][454]LogModuleManager: Shutting down and abandoning module PackagesDialog (140)
[2015.11.19-13.14.53:030][454]LogModuleManager: Shutting down and abandoning module Persona (139)
[2015.11.19-13.14.53:030][454]LogModuleManager: Shutting down and abandoning module Kismet (138)
[2015.11.19-13.14.53:030][454]LogModuleManager: Shutting down and abandoning module GraphEditor (137)
[2015.11.19-13.14.53:030][454]LogModuleManager: Shutting down and abandoning module ClassViewer (136)
[2015.11.19-13.14.53:030][454]LogModuleManager: Shutting down and abandoning module Toolbox (135)
[2015.11.19-13.14.53:030][454]LogModuleManager: Shutting down and abandoning module ModuleUI (134)
[2015.11.19-13.14.53:030][454]LogModuleManager: Shutting down and abandoning module MovieSceneTools (133)
[2015.11.19-13.14.53:030][454]LogModuleManager: Shutting down and abandoning module OutputLog (132)
[2015.11.19-13.14.53:030][454]LogModuleManager: Shutting down and abandoning module GammaUI (131)
[2015.11.19-13.14.53:030][454]LogModuleManager: Shutting down and abandoning module Documentation (130)
[2015.11.19-13.14.53:030][454]LogModuleManager: Shutting down and abandoning module GameLiveStreaming (129)
[2015.11.19-13.14.53:031][454]LogModuleManager: Shutting down and abandoning module StreamingPauseRendering (128)
[2015.11.19-13.14.53:031][454]LogModuleManager: Shutting down and abandoning module AnalyticsET (127)
[2015.11.19-13.14.53:031][454]LogModuleManager: Shutting down and abandoning module Analytics (126)
[2015.11.19-13.14.53:031][454]LogModuleManager: Shutting down and abandoning module AITestSuite (125)
[2015.11.19-13.14.53:031][454]LogModuleManager: Shutting down and abandoning module GameplayDebugger (124)
[2015.11.19-13.14.53:031][454]LogModuleManager: Shutting down and abandoning module AIModule (123)
[2015.11.19-13.14.53:031][454]LogModuleManager: Shutting down and abandoning module ProfilerService (122)
[2015.11.19-13.14.53:102][454]LogModuleManager: Shutting down and abandoning module TaskGraph (121)
[2015.11.19-13.14.53:102][454]LogModuleManager: Shutting down and abandoning module SlateRemote (120)
[2015.11.19-13.14.53:102][454]LogModuleManager: Shutting down and abandoning module SteamVRController (119)
[2015.11.19-13.14.53:102][454]LogModuleManager: Shutting down and abandoning module SteamVR (118)
[2015.11.19-13.14.53:102][454]LogModuleManager: Shutting down and abandoning module ProceduralMeshComponent (117)
[2015.11.19-13.14.53:102][454]LogModuleManager: Shutting down and abandoning module OculusRift (116)
[2015.11.19-13.14.53:102][454]LogModuleManager: Shutting down and abandoning module OculusLibrary (115)
[2015.11.19-13.14.53:102][454]LogModuleManager: Shutting down and abandoning module LeapMotionController (114)
[2015.11.19-13.14.53:117][454]LogModuleManager: Shutting down and abandoning module CustomMeshComponent (113)
[2015.11.19-13.14.53:117][454]LogModuleManager: Shutting down and abandoning module CableComponent (112)
[2015.11.19-13.14.53:117][454]LogModuleManager: Shutting down and abandoning module ArchVisCharacter (111)
[2015.11.19-13.14.53:117][454]LogModuleManager: Shutting down and abandoning module MessagingDebugger (110)
[2015.11.19-13.14.53:117][454]LogModuleManager: Shutting down and abandoning module MediaPlayerEditor (109)
[2015.11.19-13.14.53:117][454]LogModuleManager: Shutting down and abandoning module HTML5Networking (108)
[2015.11.19-13.14.53:117][454]LogModuleManager: Shutting down and abandoning module SpeedTreeImporter (107)
[2015.11.19-13.14.53:117][454]LogModuleManager: Shutting down and abandoning module PluginBrowser (106)
[2015.11.19-13.14.53:118][454]LogModuleManager: Shutting down and abandoning module EpicSurvey (105)
[2015.11.19-13.14.53:118][454]LogModuleManager: Shutting down and abandoning module DesktopPlatform (104)
[2015.11.19-13.14.53:118][454]LogModuleManager: Shutting down and abandoning module VisualStudioSourceCodeAccess (103)
[2015.11.19-13.14.53:118][454]LogModuleManager: Shutting down and abandoning module UObjectPlugin (102)
[2015.11.19-13.14.53:118][454]LogModuleManager: Shutting down and abandoning module SubversionSourceControl (101)
[2015.11.19-13.14.53:118][454]LogModuleManager: Shutting down and abandoning module PerforceSourceControl (100)
[2015.11.19-13.14.53:118][454]LogModuleManager: Shutting down and abandoning module SourceControl (99)
[2015.11.19-13.14.53:118][454]LogModuleManager: Shutting down and abandoning module GitSourceControl (98)
[2015.11.19-13.14.53:118][454]LogModuleManager: Shutting down and abandoning module LightPropagationVolumeEditor (97)
[2015.11.19-13.14.53:118][454]LogModuleManager: Shutting down and abandoning module PaperTiledImporter (96)
[2015.11.19-13.14.53:118][454]LogModuleManager: Shutting down and abandoning module PaperSpriteSheetImporter (95)
[2015.11.19-13.14.53:118][454]LogModuleManager: Shutting down and abandoning module MeshPaint (94)
[2015.11.19-13.14.53:118][454]LogModuleManager: Shutting down and abandoning module SlateReflector (93)
[2015.11.19-13.14.53:118][454]LogModuleManager: Shutting down and abandoning module HotReload (92)
[2015.11.19-13.14.53:118][454]LogModuleManager: Shutting down and abandoning module MainFrame (91)
[2015.11.19-13.14.53:118][454]LogModuleManager: Shutting down and abandoning module LevelEditor (90)
[2015.11.19-13.14.53:120][454]LogModuleManager: Shutting down and abandoning module DirectoryWatcher (89)
[2015.11.19-13.14.53:121][454]LogModuleManager: Shutting down and abandoning module AssetRegistry (88)
[2015.11.19-13.14.53:222][454]LogModuleManager: Shutting down and abandoning module ContentBrowser (87)
[2015.11.19-13.14.53:223][454]LogModuleManager: Shutting down and abandoning module Paper2DEditor (86)
[2015.11.19-13.14.53:223][454]LogModuleManager: Shutting down and abandoning module UdpMessaging (85)
[2015.11.19-13.14.53:324][454]LogModuleManager: Shutting down and abandoning module LightPropagationVolumeRuntime (84)
[2015.11.19-13.14.53:324][454]LogModuleManager: Shutting down and abandoning module Paper2D (83)
[2015.11.19-13.14.53:324][454]LogModuleManager: Shutting down and abandoning module WindowsMoviePlayer (82)
[2015.11.19-13.14.53:328][454]LogModuleManager: Shutting down and abandoning module Media (81)
[2015.11.19-13.14.53:328][454]LogModuleManager: Shutting down and abandoning module WmfMedia (80)
[2015.11.19-13.14.53:329][454]LogModuleManager: Shutting down and abandoning module OnlineBlueprintSupport (79)
[2015.11.19-13.14.53:329][454]LogModuleManager: Shutting down and abandoning module GameplayTasksEditor (78)
[2015.11.19-13.14.53:329][454]LogModuleManager: Shutting down and abandoning module PropertyEditor (77)
[2015.11.19-13.14.53:329][454]LogModuleManager: Shutting down and abandoning module BehaviorTreeEditor (76)
[2015.11.19-13.14.53:329][454]LogModuleManager: Shutting down and abandoning module FunctionalTesting (75)
[2015.11.19-13.14.53:329][454]LogModuleManager: Shutting down and abandoning module CollisionAnalyzer (74)
[2015.11.19-13.14.53:329][454]LogModuleManager: Shutting down and abandoning module WorkspaceMenuStructure (73)
[2015.11.19-13.14.53:329][454]LogModuleManager: Shutting down and abandoning module MessageLog (72)
[2015.11.19-13.14.53:329][454]LogModuleManager: Shutting down and abandoning module Sequencer (71)
[2015.11.19-13.14.53:329][454]LogModuleManager: Shutting down and abandoning module AssetTools (70)
[2015.11.19-13.14.53:329][454]LogModuleManager: Shutting down and abandoning module UMGEditor (69)
[2015.11.19-13.14.53:329][454]LogModuleManager: Shutting down and abandoning module UMG (68)
[2015.11.19-13.14.53:329][454]LogModuleManager: Shutting down and abandoning module Slate (67)
[2015.11.19-13.14.53:329][454]LogModuleManager: Shutting down and abandoning module EditorStyle (66)
[2015.11.19-13.14.53:332][454]LogModuleManager: Shutting down and abandoning module SessionServices (65)
[2015.11.19-13.14.53:332][454]LogModuleManager: Shutting down and abandoning module SourceCodeAccess (64)
[2015.11.19-13.14.53:332][454]LogModuleManager: Shutting down and abandoning module HeadMountedDisplay (63)
[2015.11.19-13.14.53:332][454]LogModuleManager: Shutting down and abandoning module XAudio2 (62)
[2015.11.19-13.14.53:332][454]LogModuleManager: Shutting down and abandoning module Networking (60)
[2015.11.19-13.14.53:332][454]LogModuleManager: Shutting down and abandoning module Core (59)
[2015.11.19-13.14.53:332][454]LogModuleManager: Shutting down and abandoning module KismetCompiler (58)
[2015.11.19-13.14.53:332][454]LogModuleManager: Shutting down and abandoning module PhysXFormats (57)
[2015.11.19-13.14.53:332][454]LogModuleManager: Shutting down and abandoning module MeshUtilities (56)
[2015.11.19-13.14.53:332][454]LogModuleManager: Shutting down and abandoning module CookingStats (55)
[2015.11.19-13.14.53:333][454]LogModuleManager: Shutting down and abandoning module DerivedDataCache (54)
[2015.11.19-13.14.53:389][454]LogDerivedDataCache: Shutdown
[2015.11.19-13.14.53:389][454]LogModuleManager: Shutting down and abandoning module ShaderFormatOpenGL (53)
[2015.11.19-13.14.53:389][454]LogModuleManager: Shutting down and abandoning module ShaderFormatD3D (52)
[2015.11.19-13.14.53:389][454]LogModuleManager: Shutting down and abandoning module MetalShaderFormat (51)
[2015.11.19-13.14.53:389][454]LogModuleManager: Shutting down and abandoning module TextureFormatUncompressed (50)
[2015.11.19-13.14.53:389][454]LogModuleManager: Shutting down and abandoning module TextureFormatPVR (49)
[2015.11.19-13.14.53:389][454]LogModuleManager: Shutting down and abandoning module TextureFormatIntelISPCTexComp (48)
[2015.11.19-13.14.53:389][454]LogModuleManager: Shutting down and abandoning module TextureFormatDXT (47)
[2015.11.19-13.14.53:389][454]LogModuleManager: Shutting down and abandoning module ImageWrapper (46)
[2015.11.19-13.14.53:389][454]LogModuleManager: Shutting down and abandoning module TextureFormatASTC (45)
[2015.11.19-13.14.53:389][454]LogModuleManager: Shutting down and abandoning module TextureFormatAndroid (44)
[2015.11.19-13.14.53:389][454]LogModuleManager: Shutting down and abandoning module AudioFormatOpus (43)
[2015.11.19-13.14.53:389][454]LogModuleManager: Shutting down and abandoning module AudioFormatOgg (42)
[2015.11.19-13.14.53:389][454]LogModuleManager: Shutting down and abandoning module AudioFormatADPCM (41)
[2015.11.19-13.14.53:389][454]LogModuleManager: Shutting down and abandoning module LinuxTargetPlatform (40)
[2015.11.19-13.14.53:389][454]LogModuleManager: Shutting down and abandoning module LinuxServerTargetPlatform (39)
[2015.11.19-13.14.53:389][454]LogModuleManager: Shutting down and abandoning module LinuxNoEditorTargetPlatform (38)
[2015.11.19-13.14.53:389][454]LogModuleManager: Shutting down and abandoning module Messaging (37)
[2015.11.19-13.14.53:389][454]LogModuleManager: Shutting down and abandoning module IOSTargetPlatform (36)
[2015.11.19-13.14.53:389][454]LogModuleManager: Shutting down and abandoning module HTML5TargetPlatform (35)
[2015.11.19-13.14.53:389][454]LogModuleManager: Shutting down and abandoning module Android_PVRTCTargetPlatform (34)
[2015.11.19-13.14.53:389][454]LogModuleManager: Shutting down and abandoning module Android_ETC2TargetPlatform (33)
[2015.11.19-13.14.53:389][454]LogModuleManager: Shutting down and abandoning module Android_ETC1TargetPlatform (32)
[2015.11.19-13.14.53:389][454]LogModuleManager: Shutting down and abandoning module Android_DXTTargetPlatform (31)
[2015.11.19-13.14.53:389][454]LogModuleManager: Shutting down and abandoning module Android_ATCTargetPlatform (30)
[2015.11.19-13.14.53:389][454]LogModuleManager: Shutting down and abandoning module Android_ASTCTargetPlatform (29)
[2015.11.19-13.14.53:389][454]LogModuleManager: Shutting down and abandoning module AndroidTargetPlatform (28)
[2015.11.19-13.14.53:389][454]LogModuleManager: Shutting down and abandoning module WindowsTargetPlatform (27)
[2015.11.19-13.14.53:389][454]LogModuleManager: Shutting down and abandoning module WindowsServerTargetPlatform (26)
[2015.11.19-13.14.53:389][454]LogModuleManager: Shutting down and abandoning module WindowsNoEditorTargetPlatform (25)
[2015.11.19-13.14.53:389][454]LogModuleManager: Shutting down and abandoning module WindowsClientTargetPlatform (24)
[2015.11.19-13.14.53:389][454]LogModuleManager: Shutting down and abandoning module AllDesktopTargetPlatform (23)
[2015.11.19-13.14.53:389][454]LogModuleManager: Shutting down and abandoning module TargetPlatform (22)
[2015.11.19-13.14.53:389][454]LogModuleManager: Shutting down and abandoning module InputCore (21)
[2015.11.19-13.14.53:389][454]LogModuleManager: Shutting down and abandoning module Settings (20)
[2015.11.19-13.14.53:390][454]LogModuleManager: Shutting down and abandoning module OnlineSubsystem (18)
[2015.11.19-13.14.53:390][454]LogModuleManager: Shutting down and abandoning module HTTP (17)
[2015.11.19-13.14.54:391][454]LogModuleManager: Shutting down and abandoning module XMPP (16)
[2015.11.19-13.14.54:391][454]LogModuleManager: Shutting down and abandoning module ExampleDeviceProfileSelector (15)
[2015.11.19-13.14.54:391][454]LogModuleManager: Shutting down and abandoning module TextureCompressor (14)
[2015.11.19-13.14.54:392][454]LogModuleManager: Shutting down and abandoning module ShaderCore (13)
[2015.11.19-13.14.54:392][454]LogModuleManager: Shutting down and abandoning module Landscape (12)
[2015.11.19-13.14.54:392][454]LogModuleManager: Shutting down and abandoning module SlateRHIRenderer (11)
[2015.11.19-13.14.54:394][454]LogModuleManager: Shutting down and abandoning module OpenGLDrv (10)
[2015.11.19-13.14.54:395][454]LogModuleManager: Shutting down and abandoning module D3D11RHI (9)
[2015.11.19-13.14.54:395][454]LogModuleManager: Shutting down and abandoning module AnimGraphRuntime (8)
[2015.11.19-13.14.54:395][454]LogModuleManager: Shutting down and abandoning module Renderer (7)
[2015.11.19-13.14.54:395][454]LogModuleManager: Shutting down and abandoning module Engine (6)
[2015.11.19-13.14.54:395][454]LogModuleManager: Shutting down and abandoning module CoreUObject (5)
[2015.11.19-13.14.54:395][454]LogModuleManager: Shutting down and abandoning module NetworkFile (4)
[2015.11.19-13.14.54:395][454]LogModuleManager: Shutting down and abandoning module StreamingFile (3)
[2015.11.19-13.14.54:395][454]LogModuleManager: Shutting down and abandoning module SandboxFile (2)
[2015.11.19-13.14.54:395][454]LogModuleManager: Shutting down and abandoning module PakFile (1)
[2015.11.19-13.14.54:396][454]LogExit: Exiting.
[2015.11.19-13.14.54:435][454]Log file closed, 11/19/15 16:14:54
