[2015.09.05-11.32.13:745][  0]Log file open, 09/05/15 14:32:13
[2015.09.05-11.32.13:745][  0]LogInit:Display: Running engine for game: MrFirstProject
[2015.09.05-11.32.13:745][  0]LogInit:Display: RandInit(-949552335) SRandInit(-949552334).
[2015.09.05-11.32.13:745][  0]LogTaskGraph: Started task graph with 4 named threads and 5 total threads.
[2015.09.05-11.32.13:745][  0]LogStats: Stats thread started at 0.074990
[2015.09.05-11.32.13:745][  0]LogInit: Version: 4.9.0-2672455+++depot+UE4-Releases+4.9
[2015.09.05-11.32.13:745][  0]LogInit: API Version: 2672455
[2015.09.05-11.32.13:745][  0]LogInit: Compiled (64-bit): Aug 28 2015 12:33:01
[2015.09.05-11.32.13:745][  0]LogInit: Compiled with Visual C++: 18.00.21005.01
[2015.09.05-11.32.13:745][  0]LogInit: Build Configuration: Development
[2015.09.05-11.32.13:745][  0]LogInit: Branch Name: ++depot+UE4-Releases+4.9
[2015.09.05-11.32.13:745][  0]LogInit: Command line:  
[2015.09.05-11.32.13:745][  0]LogInit: Base directory: E:/Developing/Epic Games/4.9/Engine/Binaries/Win64/
[2015.09.05-11.32.13:745][  0]LogInit: Rocket: 1
[2015.09.05-11.32.13:758][  0]LogInit: Using libcurl 7.41.0
[2015.09.05-11.32.13:758][  0]LogInit:  - built for x86_64-pc-win32
[2015.09.05-11.32.13:758][  0]LogInit:  - supports SSL with WinSSL
[2015.09.05-11.32.13:758][  0]LogInit:  - other features:
[2015.09.05-11.32.13:758][  0]LogInit:      CURL_VERSION_SSL
[2015.09.05-11.32.13:758][  0]LogInit:      CURL_VERSION_IPV6
[2015.09.05-11.32.13:758][  0]LogInit:      CURL_VERSION_ASYNCHDNS
[2015.09.05-11.32.13:758][  0]LogInit:      CURL_VERSION_LARGEFILE
[2015.09.05-11.32.13:758][  0]LogInit:      CURL_VERSION_IDN
[2015.09.05-11.32.13:758][  0]LogInit:  CurlRequestOptions (configurable via config and command line):
[2015.09.05-11.32.13:758][  0]LogInit:  - bVerifyPeer = true  - Libcurl will verify peer certificate
[2015.09.05-11.32.13:758][  0]LogInit:  - bUseHttpProxy = false  - Libcurl will NOT use HTTP proxy
[2015.09.05-11.32.13:758][  0]LogInit:  - bDontReuseConnections = false  - Libcurl will reuse connections
[2015.09.05-11.32.13:758][  0]LogInit:  - CertBundlePath = nullptr  - Libcurl will use whatever was configured at build time.
[2015.09.05-11.32.13:769][  0]LogInit: Presizing for 0 objects not considered by GC, pre-allocating 0 bytes.
[2015.09.05-11.32.13:781][  0]LogInit: Object subsystem initialized
[2015.09.05-11.32.13:783][  0]LogInit: Selected Device Profile: [Windows]
[2015.09.05-11.32.13:783][  0]LogInit: Applying CVar settings loaded from the selected device profile: [Windows]
[2015.09.05-11.32.13:796][  0]LogInit: Computer: FENIX-NOTEBOOK
[2015.09.05-11.32.13:796][  0]LogInit: User: Johny
[2015.09.05-11.32.13:796][  0]LogInit: CPU Page size=4096, Cores=2
[2015.09.05-11.32.13:796][  0]LogInit: High frequency timer resolution =2.208009 MHz
[2015.09.05-11.32.13:796][  0]LogMemory: Memory total: Physical=7.7GB (8GB approx)
[2015.09.05-11.32.13:796][  0]LogMemory: Platform Memory Stats for Windows
[2015.09.05-11.32.13:796][  0]LogMemory: Process Physical Memory: 52.20 MB used, 52.20 MB peak
[2015.09.05-11.32.13:796][  0]LogMemory: Process Virtual Memory: 54.82 MB used, 54.82 MB peak
[2015.09.05-11.32.13:796][  0]LogMemory: Physical Memory: 2673.04 MB used, 7924.48 MB total
[2015.09.05-11.32.13:796][  0]LogMemory: Virtual Memory: 342.28 MB used, 134217728.00 MB total
[2015.09.05-11.32.13:836][  0]LogTextLocalizationManager: No translations for ('ru-RU') exist, falling back to 'en' for localization and internationalization data.
[2015.09.05-11.32.15:077][  0]LogD3D11RHI: Found D3D11 adapter 0: AMD Mobility Radeon HD 5000 Series (Feature Level 11_0)
[2015.09.05-11.32.15:077][  0]LogD3D11RHI: Adapter has 1014MB of dedicated video memory, 0MB of dedicated system memory, and 3712MB of shared system memory, 1 output[s]
[2015.09.05-11.32.15:079][  0]LogD3D11RHI: Found D3D11 adapter 1: Microsoft Basic Render Driver (Feature Level 11_0)
[2015.09.05-11.32.15:079][  0]LogD3D11RHI: Adapter has 0MB of dedicated video memory, 0MB of dedicated system memory, and 256MB of shared system memory, 0 output[s]
[2015.09.05-11.32.15:080][  0]LogD3D11RHI: Found D3D11 adapter 2: Microsoft Basic Render Driver (Feature Level 11_0)
[2015.09.05-11.32.15:080][  0]LogD3D11RHI: Adapter has 0MB of dedicated video memory, 0MB of dedicated system memory, and 256MB of shared system memory, 0 output[s]
[2015.09.05-11.32.15:080][  0]LogD3D11RHI: Chosen D3D11 Adapter Id = 0
[2015.09.05-11.32.15:085][  0]LogD3D11RHI: !Direct3DDevice
[2015.09.05-11.32.15:085][  0]LogRHI: Texture pool is 709 MB (70% of 1014 MB)
[2015.09.05-11.32.15:092][  0]LogD3D11RHI: Async texture creation disabled: no driver support
[2015.09.05-11.32.15:107][  0]LogShaderCompilers: Guid format shader working directory is 15 characters bigger than the processId version (../../../../../../Проекты UE4/MrFirstProject/Intermediate/Shaders/WorkingDirectory/2724/).
[2015.09.05-11.32.15:107][  0]LogShaderCompilers: Cleaned the shader compiler working directory '../../../../../../Проекты UE4/MrFirstProject/Intermediate/Shaders/tmp/BC5E51F8482085D8B7ED4392B74FFF92/'.
[2015.09.05-11.32.15:107][  0]LogShaderCompilers:Display: Using Local Shader Compiler.
[2015.09.05-11.32.16:869][  0]LogTemp:Display: Loaded TP AllDesktopTargetPlatform
[2015.09.05-11.32.16:877][  0]LogTemp:Display: Loaded TP WindowsClientTargetPlatform
[2015.09.05-11.32.16:886][  0]LogTemp:Display: Loaded TP WindowsNoEditorTargetPlatform
[2015.09.05-11.32.16:894][  0]LogTemp:Display: Loaded TP WindowsServerTargetPlatform
[2015.09.05-11.32.16:902][  0]LogTemp:Display: Loaded TP WindowsTargetPlatform
[2015.09.05-11.32.16:908][  0]LogTemp:Display: Loaded TP AndroidTargetPlatform
[2015.09.05-11.32.16:913][  0]LogTemp:Display: Loaded TP Android_ASTCTargetPlatform
[2015.09.05-11.32.16:918][  0]LogTemp:Display: Loaded TP Android_ATCTargetPlatform
[2015.09.05-11.32.16:923][  0]LogTemp:Display: Loaded TP Android_DXTTargetPlatform
[2015.09.05-11.32.16:929][  0]LogTemp:Display: Loaded TP Android_ETC1TargetPlatform
[2015.09.05-11.32.16:934][  0]LogTemp:Display: Loaded TP Android_ETC2TargetPlatform
[2015.09.05-11.32.16:940][  0]LogTemp:Display: Loaded TP Android_PVRTCTargetPlatform
[2015.09.05-11.32.16:942][  0]LogTemp:Display: Loaded TP HTML5TargetPlatform
[2015.09.05-11.32.16:962][  0]LogTemp:Display: Loaded TP IOSTargetPlatform
[2015.09.05-11.32.16:967][  0]LogTemp:Display: Loaded TP LinuxNoEditorTargetPlatform
[2015.09.05-11.32.16:972][  0]LogTemp:Display: Loaded TP LinuxServerTargetPlatform
[2015.09.05-11.32.16:978][  0]LogTemp:Display: Loaded TP LinuxTargetPlatform
[2015.09.05-11.32.16:978][  0]LogTargetPlatformManager:Display: Building Assets For Windows
[2015.09.05-11.32.17:104][  0]LogDerivedDataCache:Display: Max Cache Size: 512 MB
[2015.09.05-11.32.17:188][  0]LogDerivedDataCache: Loaded boot cache 0.08s 41MB C:/Users/Johny/AppData/Local/UnrealEngine/4.9/DerivedDataCache/Boot.ddc.
[2015.09.05-11.32.17:188][  0]LogDerivedDataCache:Display: Loaded Boot cache: C:/Users/Johny/AppData/Local/UnrealEngine/4.9/DerivedDataCache/Boot.ddc
[2015.09.05-11.32.17:188][  0]LogDerivedDataCache: FDerivedDataBackendGraph:  Pak pak cache file ../../../../../../Проекты UE4/MrFirstProject/DerivedDataCache/DDC.ddp not found, will not use a pak cache.
[2015.09.05-11.32.17:188][  0]LogDerivedDataCache: Unable to find inner node Pak for hierarchical cache Hierarchy.
[2015.09.05-11.32.17:188][  0]LogDerivedDataCache: FDerivedDataBackendGraph:  CompressedPak pak cache file ../../../../../../Проекты UE4/MrFirstProject/DerivedDataCache/Compressed.ddp not found, will not use a pak cache.
[2015.09.05-11.32.17:188][  0]LogDerivedDataCache: Unable to find inner node CompressedPak for hierarchical cache Hierarchy.
[2015.09.05-11.32.17:405][  0]LogDerivedDataCache:Display: Pak cache opened for reading ../../../Engine/DerivedDataCache/Compressed.ddp.
[2015.09.05-11.32.17:417][  0]LogDerivedDataCache: Using Local data cache path C:/Users/Johny/AppData/Local/UnrealEngine/Common/DerivedDataCache: Writable
[2015.09.05-11.32.17:716][  0]LogInit: Selected Device Profile: [Windows]
[2015.09.05-11.32.17:722][  0]LogContentStreaming: Texture pool size is 0.000000MB
[2015.09.05-11.32.17:911][  0]LogMeshUtilities: No automatic mesh reduction module available
[2015.09.05-11.32.17:911][  0]LogMeshUtilities: No automatic mesh merging module available
[2015.09.05-11.32.18:354][  0]LogInit: WinSock: version 1.1 (2.2), MaxSocks=32767, MaxUdp=65467
[2015.09.05-11.32.19:542][  0]UdpMessaging: Initializing bridge on interface 0.0.0.0:0 to multicast group 230.0.0.1:6666.
[2015.09.05-11.32.19:672][  0]LogAssetRegistry: FAssetRegistry took 0.0114 seconds to start up
[2015.09.05-11.32.19:960][  0]SourceControl: Info Source control is disabled
[2015.09.05-11.32.19:973][  0]SourceControl: Info Source control is disabled
[2015.09.05-11.32.19:992][  0]SourceControl: Info Source control is disabled
[2015.09.05-11.32.20:009][  0]SourceControl: Info Source control is disabled
[2015.09.05-11.32.20:219][  0]LogLinker:Warning: Asset '../../../Engine/Plugins/Runtime/LeapMotionController/Content/LM_PassthroughMaterial.uasset' has been saved with empty engine version. The asset will be loaded but may be incompatible.
[2015.09.05-11.32.20:339][  0]LogObj: 28361 objects as part of root set at end of initial load.
[2015.09.05-11.32.20:339][  0]LogUObjectAllocator: 6038872 out of 0 bytes used by permanent object pool.
[2015.09.05-11.32.20:426][  0]LogEngine: Initializing Engine...
[2015.09.05-11.32.20:428][  0]LogHMD: Can't find Oculus library dev build: is proper Runtime installed? Version: 0.6.0.0
[2015.09.05-11.32.20:429][  0]LogHMD: SteamVR failed to initialize.  Err: 110
[2015.09.05-11.32.20:642][  0]LogAIModule: Creating AISystem for world NewWorld
[2015.09.05-11.32.20:649][  0]LogInit: XAudio2 using 'Динамики (Устройство с поддержкой High Definition Audio)' : 2 channels at 48 kHz using 32 bits per sample (channel mask 0x3)
[2015.09.05-11.32.20:687][  0]LogInit: FAudioDevice initialized.
[2015.09.05-11.32.20:718][  0]LogDerivedDataCache: Saved boot cache 0.03s 41MB C:/Users/Johny/AppData/Local/UnrealEngine/4.9/DerivedDataCache/Boot.ddc.
[2015.09.05-11.32.20:730][  0]LogInit: Texture streaming: Enabled
[2015.09.05-11.32.20:738][  0]LogAnalytics: Creating configured Analytics provider AnalyticsET
[2015.09.05-11.32.20:738][  0]LogAnalytics: [UEEditor.Rocket.Release] APIServer = http://et2.epicgames.com/ET2/. AppVersion = 4.9.0-2672455+++depot+UE4-Releases+4.9
[2015.09.05-11.32.20:738][  0]LogAnalytics: [UEEditor.Rocket.Release] SetUserId acc850ee41f564ff878354b7b3a1f120|cf9063ea962f44dc9b342acb530fe232|618c7f8c-dafb-43b2-a445-f2cfd5f93e4d
[2015.09.05-11.32.20:738][  0]LogAnalytics: [UEEditor.Rocket.Release] AnalyticsET::StartSession
[2015.09.05-11.32.20:751][  0]LogWindowsTextInputMethodSystem:Display: IME system now deactivated.
[2015.09.05-11.32.20:772][  0]LogInit: Transaction tracking system initialized
[2015.09.05-11.32.20:822][  0]BlueprintLog: New page: Editor Load
[2015.09.05-11.32.20:951][  0]LocalizationService: Info Localization service is disabled
[2015.09.05-11.32.21:056][  0]LogConsoleResponse:Display: 
[2015.09.05-11.32.21:265][  0]LogCook:Display: Done creating registry. It took  0.00s.
[2015.09.05-11.32.21:362][  0]LogFileCache: Scanning file cache for directory 'E:/Проекты UE4/MrFirstProject/Content/' took 0.01s
[2015.09.05-11.32.21:362][  0]SourceControl: Info Source control is disabled
[2015.09.05-11.32.21:363][  0]Cmd: MAP LOAD FILE="../../../../../../Проекты UE4/MrFirstProject/Content/MrFirstProjectBP/Maps/FirstMap.umap" TEMPLATE=0 SHOWPROGRESS=1 FEATURELEVEL=3
[2015.09.05-11.32.21:363][  0]LightingResults: New page: Lighting Build
[2015.09.05-11.32.21:368][  0]MapCheck: New page: Map Check
[2015.09.05-11.32.21:368][  0]LightingResults: New page: Lighting Build
[2015.09.05-11.32.21:401][  0]LogParticles: Destroying 0 GPU particle simulations for FXSystem 0x000000571E7BA160
[2015.09.05-11.32.21:440][  0]LogAIModule: Creating AISystem for world FirstMap
[2015.09.05-11.32.21:443][  0]LogEditorServer: Finished looking for orphan Actors (0.000 secs)
[2015.09.05-11.32.21:444][  0]Cmd: MAP CHECKDEP NOCLEARLOG
[2015.09.05-11.32.21:512][  0]MapCheck: Info Map check complete: 0 Error(s), 0 Warning(s), took 67.39ms to complete.
[2015.09.05-11.32.21:512][  0]LogFileHelpers: Loading map 'FirstMap' took 0.150
[2015.09.05-11.32.21:661][  0]LogCollectionManager: Loaded 0 collections in 0.003580 seconds
[2015.09.05-11.32.21:716][  0]LogFileCache: Scanning file cache for directory 'E:/Проекты UE4/MrFirstProject/Saved/Collections/' took 0.01s
[2015.09.05-11.32.21:716][  0]LogFileCache: Scanning file cache for directory 'E:/Проекты UE4/MrFirstProject/Content/Developers/Johny/Collections/' took 0.01s
[2015.09.05-11.32.21:716][  0]LogFileCache: Scanning file cache for directory 'E:/Проекты UE4/MrFirstProject/Content/Collections/' took 0.01s
[2015.09.05-11.32.21:716][  0]LogContentBrowser: Native class hierarchy populated in 0.0200 seconds. Added 1867 classes and 333 folders.
[2015.09.05-11.32.21:723][  0]LogCollectionManager: Rebuilt the GUID cache for 0 collections in 0.000004 seconds
[2015.09.05-11.32.21:742][  0]LogContentBrowser: Native class hierarchy updated for 'WidgetCarousel' in 0.0005 seconds. Added 0 classes and 0 folders.
[2015.09.05-11.32.21:810][  0]LogContentBrowser: Native class hierarchy updated for 'AddContentDialog' in 0.0007 seconds. Added 0 classes and 0 folders.
[2015.09.05-11.32.21:817][  0]LogContentBrowser: Native class hierarchy updated for 'SceneOutliner' in 0.0006 seconds. Added 1 classes and 2 folders.
[2015.09.05-11.32.21:858][  0]LogCrashTracker: Crashtracker disabled due to settings.
[2015.09.05-11.32.21:866][  0]LogUObjectGlobals:Warning: Failed to find object 'Class None.'
[2015.09.05-11.32.21:889][  0]LogLoad: Full Startup: 8.99 seconds (BP compile: 0.00 seconds)
[2015.09.05-11.32.21:990][  0]LogContentStreaming: Texture pool size now 1000 MB
[2015.09.05-11.32.22:182][  0]LogRenderer: Reallocating scene render targets to support 932x456 (Frame:2).
[2015.09.05-11.32.22:566][  4]LogAssetRegistry: Asset discovery search completed in 2.9061 seconds
[2015.09.05-11.32.22:566][  4]LogCollectionManager: Rebuilt the object cache for 0 collections in 0.000002 seconds (found 0 objects)
[2015.09.05-11.32.22:566][  4]LogCollectionManager: Fixed up redirectors for 0 collections in 0.000037 seconds (updated 0 objects)
[2015.09.05-11.33.04:272][551]LogFactory: FactoryCreateBinary: Texture with ReimportTextureFactory (0 0 C:\Users\Johny\Downloads\ShinobiRetsuden2_BGs.png)
[2015.09.05-11.33.04:518][551]LogTexture:Display: Building textures: ShinobiRetsuden2_BGs (BGRA8)
[2015.09.05-11.33.09:347][657]LogContentBrowser: Native class hierarchy updated for 'TextureEditor' in 0.0007 seconds. Added 1 classes and 2 folders.
[2015.09.05-11.34.19:492][784]LogSavePackage: Save=594.543335ms
[2015.09.05-11.34.19:492][784]LogSavePackage: Moving '../../../../../../Проекты UE4/MrFirstProject/Saved/ShinobiRetsuden2_BGs9B0504D249A3A9ACCC9DAB8CFA8567AD.tmp' to '../../../../../../Проекты UE4/MrFirstProject/Content/MrFirstProject/Textures/ShinobiRetsuden2_BGs.uasset'
[2015.09.05-11.34.19:494][784]LogSavePackage: Total save time: 596.758891ms
[2015.09.05-11.34.19:494][784]LogSavePackage:Warning: Finished SavePackage ../../../../../../Проекты UE4/MrFirstProject/Content/MrFirstProject/Textures/ShinobiRetsuden2_BGs.uasset
[2015.09.05-11.34.25:701][ 94]LogRenderer: Reallocating scene render targets to support 1272x740 (Frame:3605).
[2015.09.05-11.37.55:585][373]LogSavePackage: Save=20.029810ms
[2015.09.05-11.37.55:585][373]LogSavePackage: Moving '../../../../../../Проекты UE4/MrFirstProject/Saved/ShinobiRetsuden2_BGs_Sprite4BF80E9E44FFA1CD343E638313393EA7.tmp' to '../../../../../../Проекты UE4/MrFirstProject/Content/MrFirstProject/Textures/ShinobiRetsuden2_BGs_Sprite.uasset'
[2015.09.05-11.37.55:588][373]LogSavePackage: Total save time: 22.874907ms
[2015.09.05-11.37.55:588][373]LogSavePackage:Warning: Finished SavePackage ../../../../../../Проекты UE4/MrFirstProject/Content/MrFirstProject/Textures/ShinobiRetsuden2_BGs_Sprite.uasset
[2015.09.05-11.38.13:913][236]Cmd: OBJ SAVEPACKAGE PACKAGE="/Game/MrFirstProject/Textures/Floor" FILE="../../../../../../Проекты UE4/MrFirstProject/Content/MrFirstProject/Textures/Floor.uasset" SILENT=true
[2015.09.05-11.38.13:939][236]LogSavePackage: Save=22.704165ms
[2015.09.05-11.38.13:939][236]LogSavePackage: Moving '../../../../../../Проекты UE4/MrFirstProject/Saved/Floor1310D3464AFA5F1D6F1969A5206B8E31.tmp' to '../../../../../../Проекты UE4/MrFirstProject/Content/MrFirstProject/Textures/Floor.uasset'
[2015.09.05-11.38.13:941][236]LogSavePackage: Total save time: 25.709588ms
[2015.09.05-11.38.13:941][236]LogSavePackage:Warning: Finished SavePackage ../../../../../../Проекты UE4/MrFirstProject/Content/MrFirstProject/Textures/Floor.uasset
[2015.09.05-11.38.23:364][658]LogEditorViewport: Clicking on Actor (LMB): PaperSpriteActor (Ledge4)
[2015.09.05-11.38.31:341][ 12]LogEditorViewport: Clicking on Actor (LMB): PaperSpriteActor (Ledge4)
[2015.09.05-11.38.34:783][165]LogEditorViewport: Clicking on Actor (CTRL LMB): PaperSpriteActor (Ledge)
[2015.09.05-11.38.35:927][214]LogEditorViewport: Clicking on Actor (CTRL LMB): PaperSpriteActor (Ledge2)
[2015.09.05-11.38.37:546][286]LogEditorViewport: Clicking on Actor (CTRL LMB): PaperSpriteActor (Ledge3)
[2015.09.05-11.38.39:193][360]LogEditorViewport: Clicking on Actor (CTRL LMB): PaperSpriteActor (Ledge7)
[2015.09.05-11.38.40:718][426]LogEditorViewport: Clicking on Actor (CTRL LMB): PaperSpriteActor (Ledge8)
[2015.09.05-11.38.41:870][476]LogEditorViewport: Clicking on Actor (CTRL LMB): PaperSpriteActor (Ledge9)
[2015.09.05-11.38.43:244][538]Cmd: DELETE
[2015.09.05-11.38.43:244][538]Cmd: ACTOR DELETE
[2015.09.05-11.38.43:245][538]LogEditorActor: Deleted Actor: PaperSpriteActor
[2015.09.05-11.38.43:245][538]LogEditorActor: Deleted Actor: PaperSpriteActor
[2015.09.05-11.38.43:245][538]LogEditorActor: Deleted Actor: PaperSpriteActor
[2015.09.05-11.38.43:246][538]LogEditorActor: Deleted Actor: PaperSpriteActor
[2015.09.05-11.38.43:246][538]LogEditorActor: Deleted Actor: PaperSpriteActor
[2015.09.05-11.38.43:246][538]LogEditorActor: Deleted Actor: PaperSpriteActor
[2015.09.05-11.38.43:246][538]LogEditorActor: Deleted Actor: PaperSpriteActor
[2015.09.05-11.38.43:283][538]LogEditorActor: Deleted 7 Actors (0.039 secs)
[2015.09.05-11.38.44:331][589]LogEditorViewport: Clicking on Actor (LMB): PaperSpriteActor (Ledge5)
[2015.09.05-11.38.45:549][643]LogEditorViewport: Clicking on Actor (CTRL LMB): PaperSpriteActor (Ledge6)
[2015.09.05-11.38.48:385][771]LogEditorViewport: Clicking on Actor (LMB): PaperSpriteActor (Floor)
[2015.09.05-11.39.13:888][686]LogEditorViewport: Clicking on Actor (LMB): PaperSpriteActor (Floor)
[2015.09.05-11.39.26:156][166]LogEditorViewport: Clicking on Actor (LMB): PaperSpriteActor (Floor2)
[2015.09.05-11.39.30:424][355]Cmd: TRANSACTION UNDO
[2015.09.05-11.39.30:424][355]LogEditorTransaction: Undo Move Actors
[2015.09.05-11.39.38:788][730]LogEditorViewport: Clicking on Actor (LMB): PaperSpriteActor (Floor2)
[2015.09.05-11.39.55:131][519]LogEditorViewport: Clicking on Actor (LMB): PaperSpriteActor (Floor2)
[2015.09.05-11.40.01:716][816]LogEditorViewport: Clicking on Actor (LMB): PaperSpriteActor (Floor3)
[2015.09.05-11.40.10:789][225]LogEditorViewport: Clicking on Actor (LMB): PaperSpriteActor (Floor)
[2015.09.05-11.40.12:268][289]LogEditorViewport: Clicking on Actor (LMB): PaperSpriteActor (Floor2)
[2015.09.05-11.40.17:692][532]LogEditorViewport: Clicking on Actor (LMB): PaperSpriteActor (Floor3)
[2015.09.05-11.40.34:625][305]Cmd: TRANSACTION UNDO
[2015.09.05-11.40.34:625][305]LogEditorTransaction: Undo Move Actors
[2015.09.05-11.40.43:011][677]LogEditorViewport: Clicking on Actor (LMB): PaperSpriteActor (Floor4)
[2015.09.05-11.40.44:159][726]LogEditorViewport: Clicking on Actor (LMB): PaperSpriteActor (Floor3)
[2015.09.05-11.40.44:933][759]LogEditorViewport: Clicking on Actor (LMB): PaperSpriteActor (Floor4)
[2015.09.05-11.40.46:431][825]LogEditorViewport: Clicking on Actor (LMB): PaperSpriteActor (Floor3)
[2015.09.05-11.40.47:369][865]LogEditorViewport: Clicking on Actor (LMB): PaperSpriteActor (Floor2)
[2015.09.05-11.40.48:836][930]LogEditorViewport: Clicking on Actor (LMB): PaperSpriteActor (Floor)
[2015.09.05-11.40.49:786][971]LogEditorViewport: Clicking on Actor (LMB): PaperSpriteActor (Floor3)
[2015.09.05-11.40.51:051][ 26]LogEditorViewport: Clicking on Actor (LMB): PaperSpriteActor (Floor4)
[2015.09.05-11.40.54:847][121]LogEditorViewport: Clicking on Actor (LMB): PaperSpriteActor (Floor3)
[2015.09.05-11.40.55:747][160]LogEditorViewport: Clicking on Actor (LMB): PaperSpriteActor (Floor2)
[2015.09.05-11.40.57:347][231]LogEditorViewport: Clicking on Actor (LMB): PaperSpriteActor (Floor4)
[2015.09.05-11.40.58:107][263]LogEditorViewport: Clicking on Actor (LMB): PaperSpriteActor (Floor5)
[2015.09.05-11.41.03:720][504]LogEditorViewport: Clicking on Actor (LMB): PaperSpriteActor (Floor4)
[2015.09.05-11.41.04:940][557]LogEditorViewport: Clicking on Actor (LMB): PaperSpriteActor (Floor3)
[2015.09.05-11.41.11:594][856]LogEditorViewport: Clicking on Actor (LMB): PaperSpriteActor (Floor)
[2015.09.05-11.41.12:930][912]LogEditorViewport: Clicking on Actor (CTRL LMB): PaperSpriteActor (Floor2)
[2015.09.05-11.41.13:439][931]LogEditorViewport: Clicking on Actor (CTRL LMB): PaperSpriteActor (Floor3)
[2015.09.05-11.41.13:927][950]LogEditorViewport: Clicking on Actor (CTRL LMB): PaperSpriteActor (Floor4)
[2015.09.05-11.41.14:421][969]LogEditorViewport: Clicking on Actor (CTRL LMB): PaperSpriteActor (Floor5)
[2015.09.05-11.41.27:133][539]LogEditorViewport: Clicking on Actor (LMB): PaperSpriteActor (Floor2)
[2015.09.05-11.41.29:246][633]LogEditorViewport: Clicking on Actor (LMB): PaperSpriteActor (Floor10)
[2015.09.05-11.41.31:700][744]LogEditorViewport: Clicking on Actor (LMB): PaperSpriteActor (Floor6)
[2015.09.05-11.41.34:691][878]LogEditorViewport: Clicking on Actor (CTRL LMB): PaperSpriteActor (Floor7)
[2015.09.05-11.41.35:219][898]LogEditorViewport: Clicking on Actor (CTRL LMB): PaperSpriteActor (Floor8)
[2015.09.05-11.41.36:510][955]LogEditorViewport: Clicking on Actor (CTRL LMB): PaperSpriteActor (Floor4)
[2015.09.05-11.41.37:011][975]LogEditorViewport: Clicking on Actor (CTRL LMB): PaperSpriteActor (Floor3)
[2015.09.05-11.41.37:409][990]LogEditorViewport: Clicking on Actor (CTRL LMB): PaperSpriteActor (Floor2)
[2015.09.05-11.41.37:850][  7]LogEditorViewport: Clicking on Actor (CTRL LMB): PaperSpriteActor (Floor)
[2015.09.05-11.41.38:308][ 25]LogEditorViewport: Clicking on Actor (CTRL LMB): PaperSpriteActor (Floor10)
[2015.09.05-11.41.38:807][ 45]LogEditorViewport: Clicking on Actor (CTRL LMB): PaperSpriteActor (Floor9)
[2015.09.05-11.41.50:041][552]LogEditorViewport: Clicking on Actor (LMB): PaperSpriteActor (Floor16)
[2015.09.05-11.41.50:537][572]LogEditorViewport: Clicking on Actor (CTRL LMB): PaperSpriteActor (Floor17)
[2015.09.05-11.41.51:619][620]LogEditorViewport: Clicking on Actor (CTRL LMB): PaperSpriteActor (Floor18)
[2015.09.05-11.41.52:285][647]LogEditorViewport: Clicking on Actor (CTRL LMB): PaperSpriteActor (Floor19)
[2015.09.05-11.41.52:877][671]LogEditorViewport: Clicking on Actor (CTRL LMB): PaperSpriteActor (Floor20)
[2015.09.05-11.41.56:078][814]Cmd: DELETE
[2015.09.05-11.41.56:078][814]Cmd: ACTOR DELETE
[2015.09.05-11.41.56:079][814]LogEditorActor: Deleted Actor: PaperSpriteActor
[2015.09.05-11.41.56:079][814]LogEditorActor: Deleted Actor: PaperSpriteActor
[2015.09.05-11.41.56:079][814]LogEditorActor: Deleted Actor: PaperSpriteActor
[2015.09.05-11.41.56:080][814]LogEditorActor: Deleted Actor: PaperSpriteActor
[2015.09.05-11.41.56:116][814]LogEditorActor: Deleted 4 Actors (0.038 secs)
[2015.09.05-11.42.01:793][ 81]LogEditorViewport: Clicking on Actor (CTRL LMB): PaperSpriteActor (Floor2)
[2015.09.05-11.42.02:686][118]LogEditorViewport: Clicking on Actor (CTRL LMB): PaperSpriteActor (Floor3)
[2015.09.05-11.42.03:373][146]LogEditorViewport: Clicking on Actor (CTRL LMB): PaperSpriteActor (Floor4)
[2015.09.05-11.42.03:965][170]LogEditorViewport: Clicking on Actor (CTRL LMB): PaperSpriteActor (Floor5)
[2015.09.05-11.42.10:608][465]LogEditorViewport: Clicking on Actor (LMB): PaperSpriteActor (Floor4)
[2015.09.05-11.42.21:051][939]LogEditorViewport: Clicking on Actor (LMB): PaperSpriteActor (Floor19)
[2015.09.05-11.42.34:329][532]LogEditorViewport: Clicking on Actor (LMB): PaperSpriteActor (Background_Sprite)
[2015.09.05-11.42.51:309][292]LogSavePackage: Save=88.294479ms
[2015.09.05-11.42.51:309][292]LogSavePackage: Moving '../../../../../../Проекты UE4/MrFirstProject/Saved/FirstMapEA333260422E9D7C5B05AC8FC5B96422.tmp' to '../../../../../../Проекты UE4/MrFirstProject/Content/MrFirstProjectBP/Maps/FirstMap.umap'
[2015.09.05-11.42.51:311][292]LogSavePackage: Total save time: 104.913976ms
[2015.09.05-11.42.51:311][292]LogSavePackage:Warning: Finished SavePackage ../../../../../../Проекты UE4/MrFirstProject/Content/MrFirstProjectBP/Maps/FirstMap.umap
[2015.09.05-11.42.51:374][292]LogFileHelpers: Saving map 'FirstMap' took 0.276
[2015.09.05-11.43.55:623][617]Cmd: OBJ SAVEPACKAGE PACKAGE="/Game/MrFirstProject/Textures/Floor" FILE="../../../../../../Проекты UE4/MrFirstProject/Content/MrFirstProject/Textures/Floor.uasset" SILENT=true
[2015.09.05-11.43.55:660][617]LogSavePackage: Save=21.482250ms
[2015.09.05-11.43.55:661][617]LogSavePackage: Moving '../../../../../../Проекты UE4/MrFirstProject/Saved/Floor0D335A7B4C98CFC0DEEEFD8A6969F897.tmp' to '../../../../../../Проекты UE4/MrFirstProject/Content/MrFirstProject/Textures/Floor.uasset'
[2015.09.05-11.43.55:663][617]LogSavePackage: Total save time: 37.655644ms
[2015.09.05-11.43.55:663][617]LogSavePackage:Warning: Finished SavePackage ../../../../../../Проекты UE4/MrFirstProject/Content/MrFirstProject/Textures/Floor.uasset
[2015.09.05-11.44.02:696][936]LogEditorViewport: Clicking on Actor (LMB): PaperSpriteActor (Floor2)
[2015.09.05-11.44.09:257][233]LogEditorActor: Deleted Actor: PaperSpriteActor
[2015.09.05-11.44.09:257][233]LogEditorActor: Deleted Actor: PaperSpriteActor
[2015.09.05-11.44.09:257][233]LogEditorActor: Deleted Actor: PaperSpriteActor
[2015.09.05-11.44.09:258][233]LogEditorActor: Deleted Actor: PaperSpriteActor
[2015.09.05-11.44.09:258][233]LogEditorActor: Deleted Actor: PaperSpriteActor
[2015.09.05-11.44.09:258][233]LogEditorActor: Deleted Actor: PaperSpriteActor
[2015.09.05-11.44.09:258][233]LogEditorActor: Deleted Actor: PaperSpriteActor
[2015.09.05-11.44.09:259][233]LogEditorActor: Deleted Actor: PaperSpriteActor
[2015.09.05-11.44.09:259][233]LogEditorActor: Deleted Actor: PaperSpriteActor
[2015.09.05-11.44.09:259][233]LogEditorActor: Deleted Actor: PaperSpriteActor
[2015.09.05-11.44.09:259][233]LogEditorActor: Deleted Actor: PaperSpriteActor
[2015.09.05-11.44.09:260][233]LogEditorActor: Deleted Actor: PaperSpriteActor
[2015.09.05-11.44.09:260][233]LogEditorActor: Deleted Actor: PaperSpriteActor
[2015.09.05-11.44.09:261][233]LogEditorActor: Deleted Actor: PaperSpriteActor
[2015.09.05-11.44.09:261][233]LogEditorActor: Deleted Actor: PaperSpriteActor
[2015.09.05-11.44.09:261][233]LogEditorActor: Deleted Actor: PaperSpriteActor
[2015.09.05-11.44.09:261][233]LogEditorActor: Deleted Actor: PaperSpriteActor
[2015.09.05-11.44.09:262][233]LogEditorActor: Deleted Actor: PaperSpriteActor
[2015.09.05-11.44.09:262][233]LogEditorActor: Deleted Actor: PaperSpriteActor
[2015.09.05-11.44.09:262][233]LogEditorActor: Deleted Actor: PaperSpriteActor
[2015.09.05-11.44.09:263][233]LogEditorActor: Deleted Actor: PaperSpriteActor
[2015.09.05-11.44.09:263][233]LogEditorActor: Deleted Actor: PaperSpriteActor
[2015.09.05-11.44.09:263][233]LogEditorActor: Deleted Actor: PaperSpriteActor
[2015.09.05-11.44.09:263][233]LogEditorActor: Deleted Actor: PaperSpriteActor
[2015.09.05-11.44.09:295][233]LogParticles: Destroying 0 GPU particle simulations for FXSystem 0x0000005711980CC0
[2015.09.05-11.44.09:298][233]LogEditorActor: Deleted 24 Actors (0.042 secs)
[2015.09.05-11.44.11:401][340]Cmd: TRANSACTION UNDO
[2015.09.05-11.44.11:401][340]LogEditorTransaction: Undo Delete selection
[2015.09.05-11.44.13:875][447]LogEditorViewport: Clicking on Actor (LMB): PaperSpriteActor (Floor17)
[2015.09.05-11.44.15:008][495]LogEditorViewport: Clicking on Actor (CTRL LMB): PaperSpriteActor (Floor16)
[2015.09.05-11.44.15:675][522]LogEditorViewport: Clicking on Actor (CTRL LMB): PaperSpriteActor (Floor18)
[2015.09.05-11.44.16:322][549]LogEditorViewport: Clicking on Actor (CTRL LMB): PaperSpriteActor (Floor19)
[2015.09.05-11.44.17:696][609]LogEditorViewport: Clicking on Actor (CTRL LMB): PaperSpriteActor (Floor21)
[2015.09.05-11.44.18:698][653]Cmd: DELETE
[2015.09.05-11.44.18:698][653]Cmd: ACTOR DELETE
[2015.09.05-11.44.18:699][653]LogEditorActor: Deleted Actor: PaperSpriteActor
[2015.09.05-11.44.18:699][653]LogEditorActor: Deleted Actor: PaperSpriteActor
[2015.09.05-11.44.18:699][653]LogEditorActor: Deleted Actor: PaperSpriteActor
[2015.09.05-11.44.18:700][653]LogEditorActor: Deleted Actor: PaperSpriteActor
[2015.09.05-11.44.18:700][653]LogEditorActor: Deleted Actor: PaperSpriteActor
[2015.09.05-11.44.18:736][653]LogEditorActor: Deleted 5 Actors (0.038 secs)
[2015.09.05-11.44.20:819][752]LogEditorViewport: Clicking on Actor (LMB): PaperSpriteActor (Floor4)
[2015.09.05-11.44.22:179][812]LogEditorViewport: Clicking on Actor (CTRL LMB): PaperSpriteActor (Floor3)
[2015.09.05-11.44.22:836][839]LogEditorViewport: Clicking on Actor (CTRL LMB): PaperSpriteActor (Floor2)
[2015.09.05-11.44.23:418][863]LogEditorViewport: Clicking on Actor (CTRL LMB): PaperSpriteActor (Floor)
[2015.09.05-11.44.23:844][880]LogEditorViewport: Clicking on Actor (CTRL LMB): PaperSpriteActor (Floor10)
[2015.09.05-11.44.24:245][895]LogEditorViewport: Clicking on Actor (CTRL LMB): PaperSpriteActor (Floor9)
[2015.09.05-11.44.24:683][912]LogEditorViewport: Clicking on Actor (CTRL LMB): PaperSpriteActor (Floor8)
[2015.09.05-11.44.25:207][933]LogEditorViewport: Clicking on Actor (CTRL LMB): PaperSpriteActor (Floor7)
[2015.09.05-11.44.26:495][989]LogEditorViewport: Clicking on Actor (CTRL LMB): PaperSpriteActor (Floor6)
[2015.09.05-11.44.26:891][  4]LogEditorViewport: Clicking on Actor (CTRL LMB): PaperSpriteActor (Floor15)
[2015.09.05-11.44.27:316][ 20]LogEditorViewport: Clicking on Actor (CTRL LMB): PaperSpriteActor (Floor14)
[2015.09.05-11.44.27:732][ 36]LogEditorViewport: Clicking on Actor (CTRL LMB): PaperSpriteActor (Floor13)
[2015.09.05-11.44.28:155][ 52]LogEditorViewport: Clicking on Actor (CTRL LMB): PaperSpriteActor (Floor12)
[2015.09.05-11.44.28:531][ 66]LogEditorViewport: Clicking on Actor (CTRL LMB): PaperSpriteActor (Floor11)
[2015.09.05-11.44.29:540][109]LogEditorViewport: Clicking on Actor (CTRL LMB): PaperSpriteActor (Floor20)
[2015.09.05-11.44.30:414][147]Cmd: DELETE
[2015.09.05-11.44.30:414][147]Cmd: ACTOR DELETE
[2015.09.05-11.44.30:414][147]LogEditorActor: Deleted Actor: PaperSpriteActor
[2015.09.05-11.44.30:415][147]LogEditorActor: Deleted Actor: PaperSpriteActor
[2015.09.05-11.44.30:415][147]LogEditorActor: Deleted Actor: PaperSpriteActor
[2015.09.05-11.44.30:415][147]LogEditorActor: Deleted Actor: PaperSpriteActor
[2015.09.05-11.44.30:415][147]LogEditorActor: Deleted Actor: PaperSpriteActor
[2015.09.05-11.44.30:416][147]LogEditorActor: Deleted Actor: PaperSpriteActor
[2015.09.05-11.44.30:416][147]LogEditorActor: Deleted Actor: PaperSpriteActor
[2015.09.05-11.44.30:417][147]LogEditorActor: Deleted Actor: PaperSpriteActor
[2015.09.05-11.44.30:417][147]LogEditorActor: Deleted Actor: PaperSpriteActor
[2015.09.05-11.44.30:417][147]LogEditorActor: Deleted Actor: PaperSpriteActor
[2015.09.05-11.44.30:417][147]LogEditorActor: Deleted Actor: PaperSpriteActor
[2015.09.05-11.44.30:418][147]LogEditorActor: Deleted Actor: PaperSpriteActor
[2015.09.05-11.44.30:418][147]LogEditorActor: Deleted Actor: PaperSpriteActor
[2015.09.05-11.44.30:418][147]LogEditorActor: Deleted Actor: PaperSpriteActor
[2015.09.05-11.44.30:418][147]LogEditorActor: Deleted Actor: PaperSpriteActor
[2015.09.05-11.44.30:450][147]LogEditorActor: Deleted 15 Actors (0.037 secs)
[2015.09.05-11.44.32:362][237]LogEditorViewport: Clicking on Actor (LMB): PaperSpriteActor (Floor5)
[2015.09.05-11.44.49:633][ 11]LogEditorViewport: Clicking on Actor (LMB): PaperSpriteActor (Floor5)
[2015.09.05-11.44.51:898][113]LogEditorViewport: Clicking on Actor (CTRL LMB): PaperSpriteActor (Floor6)
[2015.09.05-11.44.52:351][130]LogEditorViewport: Clicking on Actor (CTRL LMB): PaperSpriteActor (Floor7)
[2015.09.05-11.44.57:488][358]LogEditorViewport: Clicking on Actor (LMB): PaperSpriteActor (Floor6)
[2015.09.05-11.45.00:926][511]LogEditorViewport: Clicking on Actor (CTRL LMB): PaperSpriteActor (Floor5)
[2015.09.05-11.45.01:402][529]LogEditorViewport: Clicking on Actor (CTRL LMB): PaperSpriteActor (Floor7)
[2015.09.05-11.45.01:818][544]LogEditorViewport: Clicking on Actor (CTRL LMB): PaperSpriteActor (Floor8)
[2015.09.05-11.45.02:311][563]LogEditorViewport: Clicking on Actor (CTRL LMB): PaperSpriteActor (Floor9)
[2015.09.05-11.45.02:963][590]LogEditorViewport: Clicking on Actor (CTRL LMB): PaperSpriteActor (Floor10)
[2015.09.05-11.45.09:200][867]LogEditorViewport: Clicking on Actor (LMB): PaperSpriteActor (Floor9)
[2015.09.05-11.45.20:968][407]LogEditorViewport: Clicking on Actor (LMB): PaperSpriteActor (Floor16)
[2015.09.05-11.45.21:935][448]LogEditorViewport: Clicking on Actor (CTRL LMB): PaperSpriteActor (Floor15)
[2015.09.05-11.45.22:510][471]LogEditorViewport: Clicking on Actor (CTRL LMB): PaperSpriteActor (Floor14)
[2015.09.05-11.45.23:004][491]LogEditorViewport: Clicking on Actor (CTRL LMB): PaperSpriteActor (Floor13)
[2015.09.05-11.45.29:125][764]LogEditorViewport: Clicking on Actor (LMB): PaperSpriteActor (Floor20)
[2015.09.05-11.45.29:691][787]LogEditorViewport: Clicking on Actor (CTRL LMB): PaperSpriteActor (Floor19)
[2015.09.05-11.45.30:141][804]LogEditorViewport: Clicking on Actor (CTRL LMB): PaperSpriteActor (Floor18)
[2015.09.05-11.45.30:837][832]LogEditorViewport: Clicking on Actor (CTRL LMB): PaperSpriteActor (Floor17)
[2015.09.05-11.45.37:296][117]LogEditorViewport: Clicking on Actor (LMB): PaperSpriteActor (Floor16)
[2015.09.05-11.45.38:541][171]LogEditorViewport: Clicking on Actor (LMB): PaperSpriteActor (Background_Sprite)
[2015.09.05-11.45.46:086][503]LogEditorViewport: Clicking on Actor (LMB): PaperSpriteActor (Floor5)
[2015.09.05-11.45.49:048][637]Cmd: DELETE
[2015.09.05-11.45.49:048][637]Cmd: ACTOR DELETE
[2015.09.05-11.45.49:049][637]LogEditorActor: Deleted Actor: PaperSpriteActor
[2015.09.05-11.45.49:082][637]LogEditorActor: Deleted 1 Actors (0.034 secs)
[2015.09.05-11.45.51:075][732]LogEditorViewport: Clicking on Actor (LMB): PaperSpriteActor (Floor7)
[2015.09.05-11.45.51:553][751]LogEditorViewport: Clicking on Actor (CTRL LMB): PaperSpriteActor (Floor6)
[2015.09.05-11.46.01:513][198]LogEditorViewport: Clicking on Actor (LMB): PaperSpriteActor (Background_Sprite)
[2015.09.05-11.46.03:364][278]LogEditorViewport: Clicking on Actor (LMB): PaperSpriteActor (Floor6)
[2015.09.05-11.46.06:557][415]LogEditorViewport: Clicking on Actor (LMB): PaperSpriteActor (Background_Sprite)
[2015.09.05-11.46.17:304][901]LogEditorViewport: Clicking on Actor (LMB): PlayerStart (PlayerStart)
[2015.09.05-11.46.19:058][980]LogNavigationPoint: PostEditMove Clear paths rebuilt
[2015.09.05-11.46.23:893][202]LogNavigationPoint: PostEditMove Clear paths rebuilt
[2015.09.05-11.47.57:757][603]LogSavePackage: Save=17.823750ms
[2015.09.05-11.47.57:757][603]LogSavePackage: Moving '../../../../../../Проекты UE4/MrFirstProject/Saved/ShinobiRetsuden2_BGs_Sprite795FD1FB4045EC29E959D09C14B47425.tmp' to '../../../../../../Проекты UE4/MrFirstProject/Content/MrFirstProject/Textures/ShinobiRetsuden2_BGs_Sprite.uasset'
[2015.09.05-11.47.57:759][603]LogSavePackage: Total save time: 20.417035ms
[2015.09.05-11.47.57:759][603]LogSavePackage:Warning: Finished SavePackage ../../../../../../Проекты UE4/MrFirstProject/Content/MrFirstProject/Textures/ShinobiRetsuden2_BGs_Sprite.uasset
[2015.09.05-11.48.03:043][837]LogSavePackage: Save=18.966862ms
[2015.09.05-11.48.03:043][837]LogSavePackage: Moving '../../../../../../Проекты UE4/MrFirstProject/Saved/ShinobiRetsuden2_BGs_SpriteC810BC704D7388C523CD10B4249F31A9.tmp' to '../../../../../../Проекты UE4/MrFirstProject/Content/MrFirstProject/Textures/Backgrounds/ShinobiRetsuden2_BGs_Sprite.uasset'
[2015.09.05-11.48.03:045][837]LogSavePackage: Total save time: 21.494024ms
[2015.09.05-11.48.03:045][837]LogSavePackage:Warning: Finished SavePackage ../../../../../../Проекты UE4/MrFirstProject/Content/MrFirstProject/Textures/Backgrounds/ShinobiRetsuden2_BGs_Sprite.uasset
[2015.09.05-11.48.03:167][837]LogParticles: Destroying 0 GPU particle simulations for FXSystem 0x00000057181D6980
[2015.09.05-11.49.29:609][358]LogPrimitiveComponent: Zero scaling not supported (/Game/MrFirstProjectBP/Maps/FirstMap.FirstMap:PersistentLevel.ShinobiRetsuden2_BGs_Sprite_64.RenderComponent)
[2015.09.05-11.49.29:610][358]LogPrimitiveComponent: Zero scaling not supported (/Game/MrFirstProjectBP/Maps/FirstMap.FirstMap:PersistentLevel.ShinobiRetsuden2_BGs_Sprite_64.RenderComponent)
[2015.09.05-11.49.35:565][616]LogEditorViewport: Clicking on Actor (LMB): PaperSpriteActor (Background_Sprite)
[2015.09.05-11.49.37:526][704]Cmd: DELETE
[2015.09.05-11.49.37:526][704]Cmd: ACTOR DELETE
[2015.09.05-11.49.37:527][704]LogEditorActor: Deleted Actor: PaperSpriteActor
[2015.09.05-11.49.37:560][704]LogEditorActor: Deleted 1 Actors (0.034 secs)
[2015.09.05-11.49.40:133][830]LogEditorViewport: Clicking on Actor (LMB): PaperSpriteActor (ShinobiRetsuden2_BGs_Sprite)
[2015.09.05-11.51.00:364][128]LogPlayLevel: PlayLevel: No blueprints needed recompiling
[2015.09.05-11.51.00:365][128]PIE: New page: PIE session: FirstMap (Sep 5, 2015, 5:51:00 PM)
[2015.09.05-11.51.00:365][128]LogPlayLevel: Creating play world package: /Game/MrFirstProjectBP/Maps/UEDPIE_0_FirstMap
[2015.09.05-11.51.00:370][128]LogPlayLevel: PIE: StaticDuplicateObject took: (0.004691s)
[2015.09.05-11.51.00:371][128]LogAIModule: Creating AISystem for world FirstMap
[2015.09.05-11.51.00:371][128]LogPlayLevel: PIE: World Init took: (0.001304s)
[2015.09.05-11.51.00:371][128]LogPlayLevel: PIE: Created PIE world by copying editor world from /Game/MrFirstProjectBP/Maps/FirstMap.FirstMap to /Game/MrFirstProjectBP/Maps/UEDPIE_0_FirstMap.FirstMap (0.006301s)
[2015.09.05-11.51.00:407][128]LogInit: XAudio2 using 'Динамики (Устройство с поддержкой High Definition Audio)' : 2 channels at 48 kHz using 32 bits per sample (channel mask 0x3)
[2015.09.05-11.51.00:412][128]LogInit: FAudioDevice initialized.
[2015.09.05-11.51.00:720][128]LogWorld: Game class is 'PaperGameMode_C'
[2015.09.05-11.51.00:727][128]LogPrimitiveComponent: Zero scaling not supported (/Game/MrFirstProjectBP/Maps/UEDPIE_0_FirstMap.FirstMap:PersistentLevel.ShinobiRetsuden2_BGs_Sprite_64.RenderComponent)
[2015.09.05-11.51.00:728][128]LogWorld: Bringing World /Game/MrFirstProjectBP/Maps/UEDPIE_0_FirstMap.FirstMap up for play (max tick rate 60) at 2015.09.05-14.51.00
[2015.09.05-11.51.00:728][128]LogActor:Warning: GameSession /Game/MrFirstProjectBP/Maps/UEDPIE_0_FirstMap.FirstMap:PersistentLevel.GameSession_0 has natively added scene component(s), but none of them were set as the actor's RootComponent - picking one arbitrarily
[2015.09.05-11.51.00:728][128]LogActor:Warning: GameNetworkManager /Game/MrFirstProjectBP/Maps/UEDPIE_0_FirstMap.FirstMap:PersistentLevel.GameNetworkManager_0 has natively added scene component(s), but none of them were set as the actor's RootComponent - picking one arbitrarily
[2015.09.05-11.51.00:729][128]LogWorld: Bringing up level for play took: 0.007114
[2015.09.05-11.51.00:734][128]PIE: Info Play in editor start time for /Game/MrFirstProjectBP/Maps/UEDPIE_0_FirstMap 0.795
[2015.09.05-11.51.02:764][210]LogParticles: Destroying 0 GPU particle simulations for FXSystem 0x0000005720CB7060
[2015.09.05-11.51.05:622][342]LogEditorViewport: Clicking on Actor (LMB): PlayerStart (PlayerStart)
[2015.09.05-11.51.07:478][426]LogEditorViewport: Clicking on Actor (LMB): PaperSpriteActor (Floor10)
[2015.09.05-11.51.08:752][481]LogEditorViewport: Clicking on Actor (LMB): PaperSpriteActor (Floor11)
[2015.09.05-11.51.10:441][556]LogEditorViewport: Clicking on Actor (LMB): PlayerStart (PlayerStart)
[2015.09.05-11.51.12:395][643]LogEditorViewport: Clicking on Actor (LMB): PaperSpriteActor (Floor11)
[2015.09.05-11.51.47:086][773]Cmd: OBJ SAVEPACKAGE PACKAGE="/Game/MrFirstProject/Textures/Floor" FILE="../../../../../../Проекты UE4/MrFirstProject/Content/MrFirstProject/Textures/Floor.uasset" SILENT=true
[2015.09.05-11.51.47:121][773]LogSavePackage: Save=20.597742ms
[2015.09.05-11.51.47:121][773]LogSavePackage: Moving '../../../../../../Проекты UE4/MrFirstProject/Saved/FloorBB2082B14870717945AABA8427983B1F.tmp' to '../../../../../../Проекты UE4/MrFirstProject/Content/MrFirstProject/Textures/Floor.uasset'
[2015.09.05-11.51.47:123][773]LogSavePackage: Total save time: 35.903387ms
[2015.09.05-11.51.47:124][773]LogSavePackage:Warning: Finished SavePackage ../../../../../../Проекты UE4/MrFirstProject/Content/MrFirstProject/Textures/Floor.uasset
[2015.09.05-11.51.53:687][ 66]LogPlayLevel: PlayLevel: No blueprints needed recompiling
[2015.09.05-11.51.53:687][ 66]PIE: New page: PIE session: FirstMap (Sep 5, 2015, 5:51:53 PM)
[2015.09.05-11.51.53:688][ 66]LogPlayLevel: Creating play world package: /Game/MrFirstProjectBP/Maps/UEDPIE_0_FirstMap
[2015.09.05-11.51.53:692][ 66]LogPlayLevel: PIE: StaticDuplicateObject took: (0.004346s)
[2015.09.05-11.51.53:693][ 66]LogAIModule: Creating AISystem for world FirstMap
[2015.09.05-11.51.53:693][ 66]LogPlayLevel: PIE: World Init took: (0.001237s)
[2015.09.05-11.51.53:693][ 66]LogPlayLevel: PIE: Created PIE world by copying editor world from /Game/MrFirstProjectBP/Maps/FirstMap.FirstMap to /Game/MrFirstProjectBP/Maps/UEDPIE_0_FirstMap.FirstMap (0.005881s)
[2015.09.05-11.51.53:724][ 66]LogParticles: Destroying 0 GPU particle simulations for FXSystem 0x000000572E569D00
[2015.09.05-11.51.53:725][ 66]LogParticles: Destroying 0 GPU particle simulations for FXSystem 0x0000005710CD3740
[2015.09.05-11.51.53:732][ 66]LogInit: XAudio2 using 'Динамики (Устройство с поддержкой High Definition Audio)' : 2 channels at 48 kHz using 32 bits per sample (channel mask 0x3)
[2015.09.05-11.51.53:737][ 66]LogInit: FAudioDevice initialized.
[2015.09.05-11.51.53:777][ 66]LogWorld: Game class is 'PaperGameMode_C'
[2015.09.05-11.51.53:782][ 66]LogPrimitiveComponent: Zero scaling not supported (/Game/MrFirstProjectBP/Maps/UEDPIE_0_FirstMap.FirstMap:PersistentLevel.ShinobiRetsuden2_BGs_Sprite_64.RenderComponent)
[2015.09.05-11.51.53:783][ 66]LogWorld: Bringing World /Game/MrFirstProjectBP/Maps/UEDPIE_0_FirstMap.FirstMap up for play (max tick rate 60) at 2015.09.05-14.51.53
[2015.09.05-11.51.53:783][ 66]LogActor:Warning: GameSession /Game/MrFirstProjectBP/Maps/UEDPIE_0_FirstMap.FirstMap:PersistentLevel.GameSession_1 has natively added scene component(s), but none of them were set as the actor's RootComponent - picking one arbitrarily
[2015.09.05-11.51.53:783][ 66]LogActor:Warning: GameNetworkManager /Game/MrFirstProjectBP/Maps/UEDPIE_0_FirstMap.FirstMap:PersistentLevel.GameNetworkManager_1 has natively added scene component(s), but none of them were set as the actor's RootComponent - picking one arbitrarily
[2015.09.05-11.51.53:784][ 66]LogWorld: Bringing up level for play took: 0.005852
[2015.09.05-11.51.53:787][ 66]PIE: Info Play in editor start time for /Game/MrFirstProjectBP/Maps/UEDPIE_0_FirstMap -0.151
[2015.09.05-11.52.03:858][492]LogParticles: Destroying 0 GPU particle simulations for FXSystem 0x0000005720DC7CE0
[2015.09.05-11.52.04:579][525]LogEditorViewport: Clicking on Actor (LMB): PaperSpriteActor (ShinobiRetsuden2_BGs_Sprite)
[2015.09.05-11.52.09:267][661]LogPrimitiveComponent: Zero scaling not supported (/Game/MrFirstProjectBP/Maps/FirstMap.FirstMap:PersistentLevel.ShinobiRetsuden2_BGs_Sprite_64.RenderComponent)
[2015.09.05-11.52.09:268][661]LogPrimitiveComponent: Zero scaling not supported (/Game/MrFirstProjectBP/Maps/FirstMap.FirstMap:PersistentLevel.ShinobiRetsuden2_BGs_Sprite_64.RenderComponent)
[2015.09.05-11.52.10:509][687]LogPrimitiveComponent: Zero scaling not supported (/Game/MrFirstProjectBP/Maps/FirstMap.FirstMap:PersistentLevel.ShinobiRetsuden2_BGs_Sprite_64.RenderComponent)
[2015.09.05-11.52.10:509][687]LogPrimitiveComponent: Zero scaling not supported (/Game/MrFirstProjectBP/Maps/FirstMap.FirstMap:PersistentLevel.ShinobiRetsuden2_BGs_Sprite_64.RenderComponent)
[2015.09.05-11.52.17:111][882]LogPrimitiveComponent: Zero scaling not supported (/Game/MrFirstProjectBP/Maps/FirstMap.FirstMap:PersistentLevel.ShinobiRetsuden2_BGs_Sprite_64.RenderComponent)
[2015.09.05-11.52.17:112][882]LogPrimitiveComponent: Zero scaling not supported (/Game/MrFirstProjectBP/Maps/FirstMap.FirstMap:PersistentLevel.ShinobiRetsuden2_BGs_Sprite_64.RenderComponent)
[2015.09.05-11.52.18:112][903]LogPrimitiveComponent: Zero scaling not supported (/Game/MrFirstProjectBP/Maps/FirstMap.FirstMap:PersistentLevel.ShinobiRetsuden2_BGs_Sprite_64.RenderComponent)
[2015.09.05-11.52.18:112][903]LogPrimitiveComponent: Zero scaling not supported (/Game/MrFirstProjectBP/Maps/FirstMap.FirstMap:PersistentLevel.ShinobiRetsuden2_BGs_Sprite_64.RenderComponent)
[2015.09.05-11.52.25:340][214]LogPlayLevel: PlayLevel: No blueprints needed recompiling
[2015.09.05-11.52.25:340][214]PIE: New page: PIE session: FirstMap (Sep 5, 2015, 5:52:25 PM)
[2015.09.05-11.52.25:340][214]LogPlayLevel: Creating play world package: /Game/MrFirstProjectBP/Maps/UEDPIE_0_FirstMap
[2015.09.05-11.52.25:344][214]LogPlayLevel: PIE: StaticDuplicateObject took: (0.004312s)
[2015.09.05-11.52.25:345][214]LogAIModule: Creating AISystem for world FirstMap
[2015.09.05-11.52.25:346][214]LogPlayLevel: PIE: World Init took: (0.001262s)
[2015.09.05-11.52.25:346][214]LogPlayLevel: PIE: Created PIE world by copying editor world from /Game/MrFirstProjectBP/Maps/FirstMap.FirstMap to /Game/MrFirstProjectBP/Maps/UEDPIE_0_FirstMap.FirstMap (0.005870s)
[2015.09.05-11.52.25:382][214]LogInit: XAudio2 using 'Динамики (Устройство с поддержкой High Definition Audio)' : 2 channels at 48 kHz using 32 bits per sample (channel mask 0x3)
[2015.09.05-11.52.25:386][214]LogInit: FAudioDevice initialized.
[2015.09.05-11.52.25:427][214]LogWorld: Game class is 'PaperGameMode_C'
[2015.09.05-11.52.25:433][214]LogPrimitiveComponent: Zero scaling not supported (/Game/MrFirstProjectBP/Maps/UEDPIE_0_FirstMap.FirstMap:PersistentLevel.ShinobiRetsuden2_BGs_Sprite_64.RenderComponent)
[2015.09.05-11.52.25:433][214]LogWorld: Bringing World /Game/MrFirstProjectBP/Maps/UEDPIE_0_FirstMap.FirstMap up for play (max tick rate 60) at 2015.09.05-14.52.25
[2015.09.05-11.52.25:433][214]LogActor:Warning: GameSession /Game/MrFirstProjectBP/Maps/UEDPIE_0_FirstMap.FirstMap:PersistentLevel.GameSession_2 has natively added scene component(s), but none of them were set as the actor's RootComponent - picking one arbitrarily
[2015.09.05-11.52.25:434][214]LogActor:Warning: GameNetworkManager /Game/MrFirstProjectBP/Maps/UEDPIE_0_FirstMap.FirstMap:PersistentLevel.GameNetworkManager_2 has natively added scene component(s), but none of them were set as the actor's RootComponent - picking one arbitrarily
[2015.09.05-11.52.25:434][214]LogWorld: Bringing up level for play took: 0.005762
[2015.09.05-11.52.25:438][214]PIE: Info Play in editor start time for /Game/MrFirstProjectBP/Maps/UEDPIE_0_FirstMap -0.501
[2015.09.05-11.52.29:471][381]LogParticles: Destroying 0 GPU particle simulations for FXSystem 0x0000005721264FE0
[2015.09.05-11.52.33:320][474]LogPrimitiveComponent: Zero scaling not supported (/Game/MrFirstProjectBP/Maps/FirstMap.FirstMap:PersistentLevel.ShinobiRetsuden2_BGs_Sprite_64.RenderComponent)
[2015.09.05-11.52.33:320][474]LogPrimitiveComponent: Zero scaling not supported (/Game/MrFirstProjectBP/Maps/FirstMap.FirstMap:PersistentLevel.ShinobiRetsuden2_BGs_Sprite_64.RenderComponent)
[2015.09.05-11.52.34:647][502]LogPrimitiveComponent: Zero scaling not supported (/Game/MrFirstProjectBP/Maps/FirstMap.FirstMap:PersistentLevel.ShinobiRetsuden2_BGs_Sprite_64.RenderComponent)
[2015.09.05-11.52.34:647][502]LogPrimitiveComponent: Zero scaling not supported (/Game/MrFirstProjectBP/Maps/FirstMap.FirstMap:PersistentLevel.ShinobiRetsuden2_BGs_Sprite_64.RenderComponent)
[2015.09.05-11.52.39:937][732]LogPlayLevel: PlayLevel: No blueprints needed recompiling
[2015.09.05-11.52.39:937][732]PIE: New page: PIE session: FirstMap (Sep 5, 2015, 5:52:39 PM)
[2015.09.05-11.52.39:937][732]LogPlayLevel: Creating play world package: /Game/MrFirstProjectBP/Maps/UEDPIE_0_FirstMap
[2015.09.05-11.52.39:943][732]LogPlayLevel: PIE: StaticDuplicateObject took: (0.005817s)
[2015.09.05-11.52.39:944][732]LogAIModule: Creating AISystem for world FirstMap
[2015.09.05-11.52.39:944][732]LogPlayLevel: PIE: World Init took: (0.001447s)
[2015.09.05-11.52.39:944][732]LogPlayLevel: PIE: Created PIE world by copying editor world from /Game/MrFirstProjectBP/Maps/FirstMap.FirstMap to /Game/MrFirstProjectBP/Maps/UEDPIE_0_FirstMap.FirstMap (0.007578s)
[2015.09.05-11.52.39:980][732]LogInit: XAudio2 using 'Динамики (Устройство с поддержкой High Definition Audio)' : 2 channels at 48 kHz using 32 bits per sample (channel mask 0x3)
[2015.09.05-11.52.39:985][732]LogInit: FAudioDevice initialized.
[2015.09.05-11.52.40:026][732]LogWorld: Game class is 'PaperGameMode_C'
[2015.09.05-11.52.40:032][732]LogPrimitiveComponent: Zero scaling not supported (/Game/MrFirstProjectBP/Maps/UEDPIE_0_FirstMap.FirstMap:PersistentLevel.ShinobiRetsuden2_BGs_Sprite_64.RenderComponent)
[2015.09.05-11.52.40:032][732]LogWorld: Bringing World /Game/MrFirstProjectBP/Maps/UEDPIE_0_FirstMap.FirstMap up for play (max tick rate 60) at 2015.09.05-14.52.40
[2015.09.05-11.52.40:032][732]LogActor:Warning: GameSession /Game/MrFirstProjectBP/Maps/UEDPIE_0_FirstMap.FirstMap:PersistentLevel.GameSession_3 has natively added scene component(s), but none of them were set as the actor's RootComponent - picking one arbitrarily
[2015.09.05-11.52.40:033][732]LogActor:Warning: GameNetworkManager /Game/MrFirstProjectBP/Maps/UEDPIE_0_FirstMap.FirstMap:PersistentLevel.GameNetworkManager_3 has natively added scene component(s), but none of them were set as the actor's RootComponent - picking one arbitrarily
[2015.09.05-11.52.40:033][732]LogWorld: Bringing up level for play took: 0.005610
[2015.09.05-11.52.40:037][732]PIE: Info Play in editor start time for /Game/MrFirstProjectBP/Maps/UEDPIE_0_FirstMap 0.098
[2015.09.05-11.52.53:316][293]LogParticles: Destroying 0 GPU particle simulations for FXSystem 0x00000057181D6D40
[2015.09.05-11.53.35:150][878]LogEditorViewport: Clicking on Actor (LMB): PaperSpriteActor (Floor19)
[2015.09.05-11.53.36:054][918]LogEditorViewport: Clicking on Actor (LMB): PaperSpriteActor (Floor20)
[2015.09.05-11.53.37:418][979]LogEditorViewport: Clicking on Actor (CTRL LMB): PaperSpriteActor (Floor19)
[2015.09.05-11.53.37:878][997]LogEditorViewport: Clicking on Actor (CTRL LMB): PaperSpriteActor (Floor18)
[2015.09.05-11.53.38:337][ 15]LogEditorViewport: Clicking on Actor (CTRL LMB): PaperSpriteActor (Floor17)
[2015.09.05-11.53.38:790][ 33]LogEditorViewport: Clicking on Actor (CTRL LMB): PaperSpriteActor (Floor16)
[2015.09.05-11.53.39:241][ 51]LogEditorViewport: Clicking on Actor (CTRL LMB): PaperSpriteActor (Floor15)
[2015.09.05-11.53.40:132][ 90]LogEditorViewport: Clicking on Actor (CTRL LMB): PaperSpriteActor (Floor14)
[2015.09.05-11.53.40:614][109]LogEditorViewport: Clicking on Actor (CTRL LMB): PaperSpriteActor (Floor13)
[2015.09.05-11.53.41:130][130]LogEditorViewport: Clicking on Actor (CTRL LMB): PaperSpriteActor (Floor12)
[2015.09.05-11.53.41:571][147]LogEditorViewport: Clicking on Actor (CTRL LMB): PaperSpriteActor (Floor11)
[2015.09.05-11.53.42:080][167]LogEditorViewport: Clicking on Actor (CTRL LMB): PaperSpriteActor (Floor10)
[2015.09.05-11.53.43:807][243]LogEditorViewport: Clicking on Actor (CTRL LMB): PaperSpriteActor (Floor9)
[2015.09.05-11.53.44:492][272]LogEditorViewport: Clicking on Actor (CTRL LMB): PaperSpriteActor (Floor8)
[2015.09.05-11.53.44:954][290]LogEditorViewport: Clicking on Actor (CTRL LMB): PaperSpriteActor (Floor7)
[2015.09.05-11.53.45:395][307]LogEditorViewport: Clicking on Actor (CTRL LMB): PaperSpriteActor (Floor6)
[2015.09.05-11.53.45:836][324]LogEditorViewport: Clicking on Actor (CTRL LMB): PaperSpriteActor (Floor22)
[2015.09.05-11.53.46:327][343]LogEditorViewport: Clicking on Actor (CTRL LMB): PaperSpriteActor (Floor21)
[2015.09.05-11.53.56:306][773]LogEditorViewport: Clicking on Actor (LMB): PaperSpriteActor (Floor7)
[2015.09.05-11.53.57:390][822]Cmd: TRANSACTION UNDO
[2015.09.05-11.53.57:390][822]LogEditorTransaction: Undo Clicking on Actors
[2015.09.05-11.54.01:507][960]LogEditorViewport: Clicking on Actor (LMB): PaperSpriteActor (Floor21)
[2015.09.05-11.54.03:131][ 33]LogEditorViewport: Clicking on Actor (LMB): PaperSpriteActor (Floor22)
[2015.09.05-11.54.03:923][ 68]LogEditorViewport: Clicking on Actor (LMB): PaperSpriteActor (Floor6)
[2015.09.05-11.54.05:018][117]LogEditorViewport: Clicking on Actor (LMB): PaperSpriteActor (Floor21)
[2015.09.05-11.54.39:248][309]LogEditorViewport: Clicking Background
[2015.09.05-11.54.40:511][369]LogEditorViewport: Clicking on Actor (LMB): PaperSpriteActor (Floor21)
[2015.09.05-11.54.50:515][837]LogEditorViewport: Clicking on Actor (LMB): PaperSpriteActor (Floor22)
[2015.09.05-11.54.54:461][ 19]LogEditorViewport: Clicking on Actor (LMB): PaperSpriteActor (Floor23)
[2015.09.05-11.54.59:925][268]LogEditorViewport: Clicking on Actor (LMB): PaperSpriteActor (Floor12)
[2015.09.05-11.55.05:258][512]LogEditorViewport: Clicking on Actor (LMB): PaperSpriteActor (Floor23)
[2015.09.05-11.55.11:391][790]LogEditorViewport: Clicking on Actor (LMB): PaperSpriteActor (Floor21)
[2015.09.05-11.55.18:055][ 90]LogEditorViewport: Clicking on Actor (LMB): PaperSpriteActor (Floor18)
[2015.09.05-11.55.23:001][315]LogEditorViewport: Clicking on Actor (LMB): PaperSpriteActor (Floor17)
[2015.09.05-11.55.27:453][515]LogEditorViewport: Clicking on Actor (LMB): PaperSpriteActor (Floor16)
[2015.09.05-11.55.31:895][715]LogEditorViewport: Clicking on Actor (LMB): PaperSpriteActor (Floor20)
[2015.09.05-11.55.35:064][859]LogEditorViewport: Clicking on Actor (LMB): PaperSpriteActor (Floor19)
[2015.09.05-11.55.41:009][128]LogEditorViewport: Clicking on Actor (LMB): PaperSpriteActor (Floor7)
[2015.09.05-11.55.45:320][322]LogEditorViewport: Clicking on Actor (LMB): PaperSpriteActor (Floor6)
[2015.09.05-11.55.54:882][760]LogPlayLevel: PlayLevel: No blueprints needed recompiling
[2015.09.05-11.55.54:883][760]PIE: New page: PIE session: FirstMap (Sep 5, 2015, 5:55:54 PM)
[2015.09.05-11.55.54:883][760]LogPlayLevel: Creating play world package: /Game/MrFirstProjectBP/Maps/UEDPIE_0_FirstMap
[2015.09.05-11.55.54:887][760]LogPlayLevel: PIE: StaticDuplicateObject took: (0.004463s)
[2015.09.05-11.55.54:888][760]LogAIModule: Creating AISystem for world FirstMap
[2015.09.05-11.55.54:889][760]LogPlayLevel: PIE: World Init took: (0.001350s)
[2015.09.05-11.55.54:889][760]LogPlayLevel: PIE: Created PIE world by copying editor world from /Game/MrFirstProjectBP/Maps/FirstMap.FirstMap to /Game/MrFirstProjectBP/Maps/UEDPIE_0_FirstMap.FirstMap (0.006133s)
[2015.09.05-11.55.54:927][760]LogInit: XAudio2 using 'Динамики (Устройство с поддержкой High Definition Audio)' : 2 channels at 48 kHz using 32 bits per sample (channel mask 0x3)
[2015.09.05-11.55.54:932][760]LogInit: FAudioDevice initialized.
[2015.09.05-11.55.54:976][760]LogWorld: Game class is 'PaperGameMode_C'
[2015.09.05-11.55.54:981][760]LogPrimitiveComponent: Zero scaling not supported (/Game/MrFirstProjectBP/Maps/UEDPIE_0_FirstMap.FirstMap:PersistentLevel.ShinobiRetsuden2_BGs_Sprite_64.RenderComponent)
[2015.09.05-11.55.54:982][760]LogWorld: Bringing World /Game/MrFirstProjectBP/Maps/UEDPIE_0_FirstMap.FirstMap up for play (max tick rate 60) at 2015.09.05-14.55.54
[2015.09.05-11.55.54:982][760]LogActor:Warning: GameSession /Game/MrFirstProjectBP/Maps/UEDPIE_0_FirstMap.FirstMap:PersistentLevel.GameSession_4 has natively added scene component(s), but none of them were set as the actor's RootComponent - picking one arbitrarily
[2015.09.05-11.55.54:982][760]LogActor:Warning: GameNetworkManager /Game/MrFirstProjectBP/Maps/UEDPIE_0_FirstMap.FirstMap:PersistentLevel.GameNetworkManager_4 has natively added scene component(s), but none of them were set as the actor's RootComponent - picking one arbitrarily
[2015.09.05-11.55.54:983][760]LogWorld: Bringing up level for play took: 0.005781
[2015.09.05-11.55.54:986][760]PIE: Info Play in editor start time for /Game/MrFirstProjectBP/Maps/UEDPIE_0_FirstMap 1.047
[2015.09.05-11.56.03:005][ 99]LogParticles: Destroying 0 GPU particle simulations for FXSystem 0x0000005724BD58A0
[2015.09.05-11.56.04:513][170]LogEditorViewport: Clicking on Actor (LMB): PaperSpriteActor (ShinobiRetsuden2_BGs_Sprite)
[2015.09.05-11.56.08:627][357]LogPlayLevel: PlayLevel: No blueprints needed recompiling
[2015.09.05-11.56.08:627][357]PIE: New page: PIE session: FirstMap (Sep 5, 2015, 5:56:08 PM)
[2015.09.05-11.56.08:627][357]LogPlayLevel: Creating play world package: /Game/MrFirstProjectBP/Maps/UEDPIE_0_FirstMap
[2015.09.05-11.56.08:632][357]LogPlayLevel: PIE: StaticDuplicateObject took: (0.004301s)
[2015.09.05-11.56.08:633][357]LogAIModule: Creating AISystem for world FirstMap
[2015.09.05-11.56.08:633][357]LogPlayLevel: PIE: World Init took: (0.001218s)
[2015.09.05-11.56.08:633][357]LogPlayLevel: PIE: Created PIE world by copying editor world from /Game/MrFirstProjectBP/Maps/FirstMap.FirstMap to /Game/MrFirstProjectBP/Maps/UEDPIE_0_FirstMap.FirstMap (0.005887s)
[2015.09.05-11.56.08:670][357]LogInit: XAudio2 using 'Динамики (Устройство с поддержкой High Definition Audio)' : 2 channels at 48 kHz using 32 bits per sample (channel mask 0x3)
[2015.09.05-11.56.08:674][357]LogInit: FAudioDevice initialized.
[2015.09.05-11.56.08:717][357]LogWorld: Game class is 'PaperGameMode_C'
[2015.09.05-11.56.08:722][357]LogPrimitiveComponent: Zero scaling not supported (/Game/MrFirstProjectBP/Maps/UEDPIE_0_FirstMap.FirstMap:PersistentLevel.ShinobiRetsuden2_BGs_Sprite_64.RenderComponent)
[2015.09.05-11.56.08:722][357]LogWorld: Bringing World /Game/MrFirstProjectBP/Maps/UEDPIE_0_FirstMap.FirstMap up for play (max tick rate 60) at 2015.09.05-14.56.08
[2015.09.05-11.56.08:722][357]LogActor:Warning: GameSession /Game/MrFirstProjectBP/Maps/UEDPIE_0_FirstMap.FirstMap:PersistentLevel.GameSession_5 has natively added scene component(s), but none of them were set as the actor's RootComponent - picking one arbitrarily
[2015.09.05-11.56.08:723][357]LogActor:Warning: GameNetworkManager /Game/MrFirstProjectBP/Maps/UEDPIE_0_FirstMap.FirstMap:PersistentLevel.GameNetworkManager_5 has natively added scene component(s), but none of them were set as the actor's RootComponent - picking one arbitrarily
[2015.09.05-11.56.08:723][357]LogWorld: Bringing up level for play took: 0.005384
[2015.09.05-11.56.08:726][357]PIE: Info Play in editor start time for /Game/MrFirstProjectBP/Maps/UEDPIE_0_FirstMap 0.787
[2015.09.05-11.56.20:449][853]LogParticles: Destroying 0 GPU particle simulations for FXSystem 0x00000057281CA660
[2015.09.05-11.56.26:685][ 61]LogPrimitiveComponent: Zero scaling not supported (/Game/MrFirstProjectBP/Maps/FirstMap.FirstMap:PersistentLevel.ShinobiRetsuden2_BGs_Sprite_64.RenderComponent)
[2015.09.05-11.56.26:686][ 61]LogPrimitiveComponent: Zero scaling not supported (/Game/MrFirstProjectBP/Maps/FirstMap.FirstMap:PersistentLevel.ShinobiRetsuden2_BGs_Sprite_64.RenderComponent)
[2015.09.05-11.56.27:842][ 86]LogPrimitiveComponent: Zero scaling not supported (/Game/MrFirstProjectBP/Maps/FirstMap.FirstMap:PersistentLevel.ShinobiRetsuden2_BGs_Sprite_64.RenderComponent)
[2015.09.05-11.56.27:842][ 86]LogPrimitiveComponent: Zero scaling not supported (/Game/MrFirstProjectBP/Maps/FirstMap.FirstMap:PersistentLevel.ShinobiRetsuden2_BGs_Sprite_64.RenderComponent)
[2015.09.05-11.56.33:259][242]LogPrimitiveComponent: Zero scaling not supported (/Game/MrFirstProjectBP/Maps/FirstMap.FirstMap:PersistentLevel.ShinobiRetsuden2_BGs_Sprite_64.RenderComponent)
[2015.09.05-11.56.33:259][242]LogPrimitiveComponent: Zero scaling not supported (/Game/MrFirstProjectBP/Maps/FirstMap.FirstMap:PersistentLevel.ShinobiRetsuden2_BGs_Sprite_64.RenderComponent)
[2015.09.05-11.56.34:864][276]LogPrimitiveComponent: Zero scaling not supported (/Game/MrFirstProjectBP/Maps/FirstMap.FirstMap:PersistentLevel.ShinobiRetsuden2_BGs_Sprite_64.RenderComponent)
[2015.09.05-11.56.34:865][276]LogPrimitiveComponent: Zero scaling not supported (/Game/MrFirstProjectBP/Maps/FirstMap.FirstMap:PersistentLevel.ShinobiRetsuden2_BGs_Sprite_64.RenderComponent)
[2015.09.05-11.56.44:158][655]LogPlayLevel: PlayLevel: No blueprints needed recompiling
[2015.09.05-11.56.44:158][655]PIE: New page: PIE session: FirstMap (Sep 5, 2015, 5:56:44 PM)
[2015.09.05-11.56.44:158][655]LogPlayLevel: Creating play world package: /Game/MrFirstProjectBP/Maps/UEDPIE_0_FirstMap
[2015.09.05-11.56.44:163][655]LogPlayLevel: PIE: StaticDuplicateObject took: (0.004425s)
[2015.09.05-11.56.44:164][655]LogAIModule: Creating AISystem for world FirstMap
[2015.09.05-11.56.44:165][655]LogPlayLevel: PIE: World Init took: (0.001737s)
[2015.09.05-11.56.44:165][655]LogPlayLevel: PIE: Created PIE world by copying editor world from /Game/MrFirstProjectBP/Maps/FirstMap.FirstMap to /Game/MrFirstProjectBP/Maps/UEDPIE_0_FirstMap.FirstMap (0.006452s)
[2015.09.05-11.56.44:202][655]LogInit: XAudio2 using 'Динамики (Устройство с поддержкой High Definition Audio)' : 2 channels at 48 kHz using 32 bits per sample (channel mask 0x3)
[2015.09.05-11.56.44:206][655]LogInit: FAudioDevice initialized.
[2015.09.05-11.56.44:245][655]LogWorld: Game class is 'PaperGameMode_C'
[2015.09.05-11.56.44:250][655]LogPrimitiveComponent: Zero scaling not supported (/Game/MrFirstProjectBP/Maps/UEDPIE_0_FirstMap.FirstMap:PersistentLevel.ShinobiRetsuden2_BGs_Sprite_64.RenderComponent)
[2015.09.05-11.56.44:251][655]LogWorld: Bringing World /Game/MrFirstProjectBP/Maps/UEDPIE_0_FirstMap.FirstMap up for play (max tick rate 60) at 2015.09.05-14.56.44
[2015.09.05-11.56.44:251][655]LogActor:Warning: GameSession /Game/MrFirstProjectBP/Maps/UEDPIE_0_FirstMap.FirstMap:PersistentLevel.GameSession_6 has natively added scene component(s), but none of them were set as the actor's RootComponent - picking one arbitrarily
[2015.09.05-11.56.44:251][655]LogActor:Warning: GameNetworkManager /Game/MrFirstProjectBP/Maps/UEDPIE_0_FirstMap.FirstMap:PersistentLevel.GameNetworkManager_6 has natively added scene component(s), but none of them were set as the actor's RootComponent - picking one arbitrarily
[2015.09.05-11.56.44:252][655]LogWorld: Bringing up level for play took: 0.005683
[2015.09.05-11.56.44:255][655]PIE: Info Play in editor start time for /Game/MrFirstProjectBP/Maps/UEDPIE_0_FirstMap 0.316
[2015.09.05-11.56.51:242][949]LogParticles: Destroying 0 GPU particle simulations for FXSystem 0x00000057281C9940
[2015.09.05-11.56.54:971][112]LogSavePackage: Save=92.997360ms
[2015.09.05-11.56.54:971][112]LogSavePackage: Moving '../../../../../../Проекты UE4/MrFirstProject/Saved/FirstMap458CCBC143EDE51DD7136BA6864728CD.tmp' to '../../../../../../Проекты UE4/MrFirstProject/Content/MrFirstProjectBP/Maps/FirstMap.umap'
[2015.09.05-11.56.54:974][112]LogSavePackage: Total save time: 108.460158ms
[2015.09.05-11.56.54:974][112]LogSavePackage:Warning: Finished SavePackage ../../../../../../Проекты UE4/MrFirstProject/Content/MrFirstProjectBP/Maps/FirstMap.umap
[2015.09.05-11.56.55:035][112]LogFileHelpers: Saving map 'FirstMap' took 0.283
[2015.09.05-11.57.35:901][ 21]LogLinker:Warning: Asset '../../../Engine/Content/ArtTools/RenderToTexture/Macros/RenderToTextureMacros.uasset' has been saved with empty engine version. The asset will be loaded but may be incompatible.
[2015.09.05-11.57.36:801][ 21]LogContentBrowser: Native class hierarchy updated for 'BlueprintGraph' in 0.0012 seconds. Added 107 classes and 0 folders.
[2015.09.05-11.57.48:451][633]LogWindowsTextInputMethodSystem:Display: IME system now deactivated.
[2015.09.05-11.57.48:451][633]LogWindowsTextInputMethodSystem:Display: IME system now deactivated.
[2015.09.05-11.58.33:525][314]LogWindowsTextInputMethodSystem:Display: IME system now deactivated.
[2015.09.05-11.58.33:525][314]LogWindowsTextInputMethodSystem:Display: IME system now deactivated.
[2015.09.05-11.59.11:533][568]LogWindowsTextInputMethodSystem:Display: IME system now deactivated.
[2015.09.05-11.59.11:533][568]LogWindowsTextInputMethodSystem:Display: IME system now deactivated.
[2015.09.05-11.59.15:650][815]LogWindowsTextInputMethodSystem:Display: IME system now deactivated.
[2015.09.05-11.59.15:650][815]LogWindowsTextInputMethodSystem:Display: IME system now deactivated.
[2015.09.05-11.59.31:750][781]LogWindowsTextInputMethodSystem:Display: IME system now deactivated.
[2015.09.05-11.59.31:750][781]LogWindowsTextInputMethodSystem:Display: IME system now deactivated.
[2015.09.05-11.59.37:633][134]LogWindowsTextInputMethodSystem:Display: IME system now deactivated.
[2015.09.05-11.59.37:633][134]LogWindowsTextInputMethodSystem:Display: IME system now deactivated.
[2015.09.05-12.01.47:509][837]LogEditorTransaction: Undo Add Node
[2015.09.05-12.01.54:702][257]LogEditorTransaction: Undo Add Node
[2015.09.05-12.06.48:741][395]BlueprintLog: New page: Compile MainCharacter
[2015.09.05-12.06.48:962][395]BlueprintEditorCompileResults: Info [2076.06] Compile of MainCharacter successful! [in 221 ms]
[2015.09.05-12.06.49:687][435]Cmd: OBJ SAVEPACKAGE PACKAGE="/Game/MrFirstProjectBP/Blueprints/MainCharacter" FILE="../../../../../../Проекты UE4/MrFirstProject/Content/MrFirstProjectBP/Blueprints/MainCharacter.uasset" SILENT=true
[2015.09.05-12.06.49:713][435]LogBlueprintUserMessages: Serialization for Get node for variable 'Sprite' in Blueprint '/Game/MrFirstProjectBP/Blueprints/MainCharacter.MainCharacter' which is setup as pure
[2015.09.05-12.06.49:713][435]LogBlueprintUserMessages: Serialization for Get node for variable 'Sprite' in Blueprint '/Game/MrFirstProjectBP/Blueprints/MainCharacter.MainCharacter' which is setup as pure
[2015.09.05-12.06.49:723][435]LogBlueprintUserMessages: Serialization for Get node for variable 'Sprite' in Blueprint '/Game/MrFirstProjectBP/Blueprints/MainCharacter.MainCharacter' which is setup as pure
[2015.09.05-12.06.49:724][435]LogBlueprintUserMessages: Serialization for Get node for variable 'Sprite' in Blueprint '/Game/MrFirstProjectBP/Blueprints/MainCharacter.MainCharacter' which is setup as pure
[2015.09.05-12.06.49:733][435]LogBlueprintUserMessages: Serialization for Get node for variable 'Sprite' in Blueprint '/Game/MrFirstProjectBP/Blueprints/MainCharacter.MainCharacter' which is setup as pure
[2015.09.05-12.06.49:733][435]LogBlueprintUserMessages: Serialization for Get node for variable 'Sprite' in Blueprint '/Game/MrFirstProjectBP/Blueprints/MainCharacter.MainCharacter' which is setup as pure
[2015.09.05-12.06.49:772][435]LogBlueprintUserMessages: Serialization for Get node for variable 'Sprite' in Blueprint '/Game/MrFirstProjectBP/Blueprints/MainCharacter.MainCharacter' which is setup as pure
[2015.09.05-12.06.49:772][435]LogBlueprintUserMessages: Serialization for Get node for variable 'Sprite' in Blueprint '/Game/MrFirstProjectBP/Blueprints/MainCharacter.MainCharacter' which is setup as pure
[2015.09.05-12.06.49:788][435]LogBlueprintUserMessages: Serialization for Get node for variable 'Sprite' in Blueprint '/Game/MrFirstProjectBP/Blueprints/MainCharacter.MainCharacter' which is setup as pure
[2015.09.05-12.06.49:788][435]LogBlueprintUserMessages: Serialization for Get node for variable 'Sprite' in Blueprint '/Game/MrFirstProjectBP/Blueprints/MainCharacter.MainCharacter' which is setup as pure
[2015.09.05-12.06.49:792][435]LogSavePackage: Save=89.828438ms
[2015.09.05-12.06.49:793][435]LogSavePackage: Moving '../../../../../../Проекты UE4/MrFirstProject/Saved/MainCharacter6C7024074EA26DD130582CA9E4E59F65.tmp' to '../../../../../../Проекты UE4/MrFirstProject/Content/MrFirstProjectBP/Blueprints/MainCharacter.uasset'
[2015.09.05-12.06.49:795][435]LogSavePackage: Total save time: 105.992775ms
[2015.09.05-12.06.49:795][435]LogSavePackage:Warning: Finished SavePackage ../../../../../../Проекты UE4/MrFirstProject/Content/MrFirstProjectBP/Blueprints/MainCharacter.uasset
[2015.09.05-12.07.51:662][901]BlueprintLog: New page: Compile MainCharacter
[2015.09.05-12.07.51:834][901]BlueprintEditorCompileResults: Info [2138.93] Compile of MainCharacter successful! [in 171 ms]
[2015.09.05-12.07.52:416][932]Cmd: OBJ SAVEPACKAGE PACKAGE="/Game/MrFirstProjectBP/Blueprints/MainCharacter" FILE="../../../../../../Проекты UE4/MrFirstProject/Content/MrFirstProjectBP/Blueprints/MainCharacter.uasset" SILENT=true
[2015.09.05-12.07.52:438][932]LogBlueprintUserMessages: Serialization for Get node for variable 'Sprite' in Blueprint '/Game/MrFirstProjectBP/Blueprints/MainCharacter.MainCharacter' which is setup as pure
[2015.09.05-12.07.52:438][932]LogBlueprintUserMessages: Serialization for Get node for variable 'Sprite' in Blueprint '/Game/MrFirstProjectBP/Blueprints/MainCharacter.MainCharacter' which is setup as pure
[2015.09.05-12.07.52:448][932]LogBlueprintUserMessages: Serialization for Get node for variable 'Sprite' in Blueprint '/Game/MrFirstProjectBP/Blueprints/MainCharacter.MainCharacter' which is setup as pure
[2015.09.05-12.07.52:448][932]LogBlueprintUserMessages: Serialization for Get node for variable 'Sprite' in Blueprint '/Game/MrFirstProjectBP/Blueprints/MainCharacter.MainCharacter' which is setup as pure
[2015.09.05-12.07.52:458][932]LogBlueprintUserMessages: Serialization for Get node for variable 'Sprite' in Blueprint '/Game/MrFirstProjectBP/Blueprints/MainCharacter.MainCharacter' which is setup as pure
[2015.09.05-12.07.52:458][932]LogBlueprintUserMessages: Serialization for Get node for variable 'Sprite' in Blueprint '/Game/MrFirstProjectBP/Blueprints/MainCharacter.MainCharacter' which is setup as pure
[2015.09.05-12.07.52:498][932]LogBlueprintUserMessages: Serialization for Get node for variable 'Sprite' in Blueprint '/Game/MrFirstProjectBP/Blueprints/MainCharacter.MainCharacter' which is setup as pure
[2015.09.05-12.07.52:498][932]LogBlueprintUserMessages: Serialization for Get node for variable 'Sprite' in Blueprint '/Game/MrFirstProjectBP/Blueprints/MainCharacter.MainCharacter' which is setup as pure
[2015.09.05-12.07.52:513][932]LogBlueprintUserMessages: Serialization for Get node for variable 'Sprite' in Blueprint '/Game/MrFirstProjectBP/Blueprints/MainCharacter.MainCharacter' which is setup as pure
[2015.09.05-12.07.52:513][932]LogBlueprintUserMessages: Serialization for Get node for variable 'Sprite' in Blueprint '/Game/MrFirstProjectBP/Blueprints/MainCharacter.MainCharacter' which is setup as pure
[2015.09.05-12.07.52:518][932]LogSavePackage: Save=90.837494ms
[2015.09.05-12.07.52:518][932]LogSavePackage: Moving '../../../../../../Проекты UE4/MrFirstProject/Saved/MainCharacterA576F282444A8C84B83FB79F5547C5F5.tmp' to '../../../../../../Проекты UE4/MrFirstProject/Content/MrFirstProjectBP/Blueprints/MainCharacter.uasset'
[2015.09.05-12.07.52:520][932]LogSavePackage: Total save time: 101.702482ms
[2015.09.05-12.07.52:520][932]LogSavePackage:Warning: Finished SavePackage ../../../../../../Проекты UE4/MrFirstProject/Content/MrFirstProjectBP/Blueprints/MainCharacter.uasset
[2015.09.05-12.07.54:700][ 43]LogPlayLevel: PlayLevel: No blueprints needed recompiling
[2015.09.05-12.07.54:700][ 43]PIE: New page: PIE session: FirstMap (Sep 5, 2015, 6:07:54 PM)
[2015.09.05-12.07.54:700][ 43]LogPlayLevel: Creating play world package: /Game/MrFirstProjectBP/Maps/UEDPIE_0_FirstMap
[2015.09.05-12.07.54:705][ 43]LogPlayLevel: PIE: StaticDuplicateObject took: (0.004278s)
[2015.09.05-12.07.54:706][ 43]LogAIModule: Creating AISystem for world FirstMap
[2015.09.05-12.07.54:706][ 43]LogPlayLevel: PIE: World Init took: (0.001297s)
[2015.09.05-12.07.54:706][ 43]LogPlayLevel: PIE: Created PIE world by copying editor world from /Game/MrFirstProjectBP/Maps/FirstMap.FirstMap to /Game/MrFirstProjectBP/Maps/UEDPIE_0_FirstMap.FirstMap (0.005870s)
[2015.09.05-12.07.54:770][ 43]LogInit: XAudio2 using 'Динамики (Устройство с поддержкой High Definition Audio)' : 2 channels at 48 kHz using 32 bits per sample (channel mask 0x3)
[2015.09.05-12.07.54:776][ 43]LogInit: FAudioDevice initialized.
[2015.09.05-12.07.54:818][ 43]LogWorld: Game class is 'PaperGameMode_C'
[2015.09.05-12.07.54:824][ 43]LogPrimitiveComponent: Zero scaling not supported (/Game/MrFirstProjectBP/Maps/UEDPIE_0_FirstMap.FirstMap:PersistentLevel.ShinobiRetsuden2_BGs_Sprite_64.RenderComponent)
[2015.09.05-12.07.54:824][ 43]LogWorld: Bringing World /Game/MrFirstProjectBP/Maps/UEDPIE_0_FirstMap.FirstMap up for play (max tick rate 60) at 2015.09.05-15.07.54
[2015.09.05-12.07.54:824][ 43]LogActor:Warning: GameSession /Game/MrFirstProjectBP/Maps/UEDPIE_0_FirstMap.FirstMap:PersistentLevel.GameSession_7 has natively added scene component(s), but none of them were set as the actor's RootComponent - picking one arbitrarily
[2015.09.05-12.07.54:825][ 43]LogActor:Warning: GameNetworkManager /Game/MrFirstProjectBP/Maps/UEDPIE_0_FirstMap.FirstMap:PersistentLevel.GameNetworkManager_7 has natively added scene component(s), but none of them were set as the actor's RootComponent - picking one arbitrarily
[2015.09.05-12.07.54:825][ 43]LogWorld: Bringing up level for play took: 0.005878
[2015.09.05-12.07.54:829][ 43]PIE: Info Play in editor start time for /Game/MrFirstProjectBP/Maps/UEDPIE_0_FirstMap 0.89
[2015.09.05-12.08.20:569][141]LogParticles: Destroying 0 GPU particle simulations for FXSystem 0x000000572C121120
[2015.09.05-12.09.28:638][476]LogWindowsTextInputMethodSystem:Display: IME system now deactivated.
[2015.09.05-12.09.28:638][476]LogWindowsTextInputMethodSystem:Display: IME system now deactivated.
[2015.09.05-12.09.31:243][568]Cmd: QUIT_EDITOR
[2015.09.05-12.09.32:494][568]LogWindowsTextInputMethodSystem:Display: IME system now deactivated.
[2015.09.05-12.09.32:706][568]LogExit: Preparing to exit.
[2015.09.05-12.09.33:715][568]LogExit: Editor shut down
[2015.09.05-12.09.33:718][568]LogParticles: Destroying 0 GPU particle simulations for FXSystem 0x000000571E4AB2E0
[2015.09.05-12.09.33:718][568]LogExit: Transaction tracking system shut down
[2015.09.05-12.09.33:719][568]LogParticles: Destroying 0 GPU particle simulations for FXSystem 0x0000005710D318A0
[2015.09.05-12.09.33:719][568]LogParticles: Destroying 0 GPU particle simulations for FXSystem 0x0000005710CD3C40
[2015.09.05-12.09.33:725][568]LogParticles: Destroying 0 GPU particle simulations for FXSystem 0x0000005720DC7EC0
[2015.09.05-12.09.33:728][568]LogParticles: Destroying 0 GPU particle simulations for FXSystem 0x00000057238647C0
[2015.09.05-12.09.34:043][568]LogExit: Object subsystem successfully closed.
[2015.09.05-12.09.34:060][568]LogD3D11RHI: Shutdown
[2015.09.05-12.09.34:060][568]LogD3D11RHI: CleanupD3DDevice
[2015.09.05-12.09.34:141][568]LogD3D11RHI: ~FD3D11DynamicRHI
[2015.09.05-12.09.34:164][568]LogModuleManager: Shutting down and abandoning module BlueprintGraph (199)
[2015.09.05-12.09.34:164][568]LogModuleManager: Shutting down and abandoning module TextureEditor (198)
[2015.09.05-12.09.34:164][568]LogModuleManager: Shutting down and abandoning module CrashTracker (197)
[2015.09.05-12.09.34:164][568]LogModuleManager: Shutting down and abandoning module SceneOutliner (196)
[2015.09.05-12.09.34:164][568]LogModuleManager: Shutting down and abandoning module SuperSearch (195)
[2015.09.05-12.09.34:164][568]LogModuleManager: Shutting down and abandoning module WidgetCarousel (194)
[2015.09.05-12.09.34:164][568]LogModuleManager: Shutting down and abandoning module AddContentDialog (193)
[2015.09.05-12.09.34:168][568]LogModuleManager: Shutting down and abandoning module EditorWidgets (192)
[2015.09.05-12.09.34:168][568]LogModuleManager: Shutting down and abandoning module CollectionManager (191)
[2015.09.05-12.09.34:168][568]LogModuleManager: Shutting down and abandoning module StatsViewer (190)
[2015.09.05-12.09.34:168][568]LogModuleManager: Shutting down and abandoning module FoliageEdit (189)
[2015.09.05-12.09.34:168][568]LogModuleManager: Shutting down and abandoning module LandscapeEditor (188)
[2015.09.05-12.09.34:169][568]LogModuleManager: Shutting down and abandoning module ActorPickerMode (187)
[2015.09.05-12.09.34:169][568]LogModuleManager: Shutting down and abandoning module GeometryMode (186)
[2015.09.05-12.09.34:169][568]LogModuleManager: Shutting down and abandoning module TextureAlignMode (185)
[2015.09.05-12.09.34:169][568]LogModuleManager: Shutting down and abandoning module BspMode (184)
[2015.09.05-12.09.34:169][568]LogModuleManager: Shutting down and abandoning module PlacementMode (183)
[2015.09.05-12.09.34:169][568]LogModuleManager: Shutting down and abandoning module AutomationWorker (182)
[2015.09.05-12.09.34:169][568]LogModuleManager: Shutting down and abandoning module CharacterAI (181)
[2015.09.05-12.09.34:169][568]LogModuleManager: Shutting down and abandoning module SmartSnapping (180)
[2015.09.05-12.09.34:169][568]LogModuleManager: Shutting down and abandoning module ViewportSnapping (179)
[2015.09.05-12.09.34:169][568]LogModuleManager: Shutting down and abandoning module LogVisualizer (178)
[2015.09.05-12.09.34:169][568]LogModuleManager: Shutting down and abandoning module GameProjectGeneration (177)
[2015.09.05-12.09.34:169][568]LogModuleManager: Shutting down and abandoning module IntroTutorials (176)
[2015.09.05-12.09.34:169][568]LogModuleManager: Shutting down and abandoning module EditorLiveStreaming (175)
[2015.09.05-12.09.34:169][568]LogModuleManager: Shutting down and abandoning module IOSPlatformEditor (174)
[2015.09.05-12.09.34:169][568]LogModuleManager: Shutting down and abandoning module HTML5PlatformEditor (173)
[2015.09.05-12.09.34:169][568]LogModuleManager: Shutting down and abandoning module AndroidDeviceDetection (172)
[2015.09.05-12.09.35:019][568]LogModuleManager: Shutting down and abandoning module AndroidPlatformEditor (171)
[2015.09.05-12.09.35:019][568]LogModuleManager: Shutting down and abandoning module IOSRuntimeSettings (170)
[2015.09.05-12.09.35:019][568]LogModuleManager: Shutting down and abandoning module AndroidRuntimeSettings (169)
[2015.09.05-12.09.35:019][568]LogModuleManager: Shutting down and abandoning module MergeActors (168)
[2015.09.05-12.09.35:019][568]LogModuleManager: Shutting down and abandoning module SizeMap (167)
[2015.09.05-12.09.35:019][568]LogModuleManager: Shutting down and abandoning module TreeMap (166)
[2015.09.05-12.09.35:019][568]LogModuleManager: Shutting down and abandoning module ReferenceViewer (165)
[2015.09.05-12.09.35:019][568]LogModuleManager: Shutting down and abandoning module LocalizationService (164)
[2015.09.05-12.09.35:019][568]LogModuleManager: Shutting down and abandoning module LocalizationDashboard (163)
[2015.09.05-12.09.35:019][568]LogModuleManager: Shutting down and abandoning module HardwareTargeting (162)
[2015.09.05-12.09.35:019][568]LogModuleManager: Shutting down and abandoning module DeviceProfileEditor (161)
[2015.09.05-12.09.35:019][568]LogModuleManager: Shutting down and abandoning module UndoHistory (160)
[2015.09.05-12.09.35:019][568]LogModuleManager: Shutting down and abandoning module GameplayTagsEditor (159)
[2015.09.05-12.09.35:019][568]LogModuleManager: Shutting down and abandoning module UserFeedback (158)
[2015.09.05-12.09.35:019][568]LogModuleManager: Shutting down and abandoning module XmlParser (157)
[2015.09.05-12.09.35:020][568]LogModuleManager: Shutting down and abandoning module Blutility (156)
[2015.09.05-12.09.35:020][568]LogModuleManager: Shutting down and abandoning module ProjectTargetPlatformEditor (155)
[2015.09.05-12.09.35:020][568]LogModuleManager: Shutting down and abandoning module ProjectSettingsViewer (154)
[2015.09.05-12.09.35:020][568]LogModuleManager: Shutting down and abandoning module InputBindingEditor (153)
[2015.09.05-12.09.35:020][568]LogModuleManager: Shutting down and abandoning module EditorSettingsViewer (152)
[2015.09.05-12.09.35:020][568]LogModuleManager: Shutting down and abandoning module SettingsEditor (151)
[2015.09.05-12.09.35:020][568]LogModuleManager: Shutting down and abandoning module ProjectLauncher (150)
[2015.09.05-12.09.35:020][568]LogModuleManager: Shutting down and abandoning module SessionFrontend (149)
[2015.09.05-12.09.35:020][568]LogModuleManager: Shutting down and abandoning module ProfilerClient (148)
[2015.09.05-12.09.35:020][568]LogModuleManager: Shutting down and abandoning module TargetDeviceServices (147)
[2015.09.05-12.09.35:020][568]LogModuleManager: Shutting down and abandoning module DeviceManager (146)
[2015.09.05-12.09.35:020][568]LogModuleManager: Shutting down and abandoning module AutomationController (145)
[2015.09.05-12.09.35:021][568]LogModuleManager: Shutting down and abandoning module AutomationWindow (144)
[2015.09.05-12.09.35:021][568]LogModuleManager: Shutting down and abandoning module Layers (143)
[2015.09.05-12.09.35:021][568]LogModuleManager: Shutting down and abandoning module ComponentVisualizers (142)
[2015.09.05-12.09.35:021][568]LogModuleManager: Shutting down and abandoning module DetailCustomizations (141)
[2015.09.05-12.09.35:021][568]LogModuleManager: Shutting down and abandoning module PackagesDialog (140)
[2015.09.05-12.09.35:021][568]LogModuleManager: Shutting down and abandoning module Persona (139)
[2015.09.05-12.09.35:021][568]LogModuleManager: Shutting down and abandoning module Kismet (138)
[2015.09.05-12.09.35:021][568]LogModuleManager: Shutting down and abandoning module GraphEditor (137)
[2015.09.05-12.09.35:021][568]LogModuleManager: Shutting down and abandoning module ClassViewer (136)
[2015.09.05-12.09.35:021][568]LogModuleManager: Shutting down and abandoning module Toolbox (135)
[2015.09.05-12.09.35:021][568]LogModuleManager: Shutting down and abandoning module ModuleUI (134)
[2015.09.05-12.09.35:021][568]LogModuleManager: Shutting down and abandoning module MovieSceneTools (133)
[2015.09.05-12.09.35:021][568]LogModuleManager: Shutting down and abandoning module OutputLog (132)
[2015.09.05-12.09.35:021][568]LogModuleManager: Shutting down and abandoning module GammaUI (131)
[2015.09.05-12.09.35:021][568]LogModuleManager: Shutting down and abandoning module Documentation (130)
[2015.09.05-12.09.35:021][568]LogModuleManager: Shutting down and abandoning module GameLiveStreaming (129)
[2015.09.05-12.09.35:021][568]LogModuleManager: Shutting down and abandoning module StreamingPauseRendering (128)
[2015.09.05-12.09.35:022][568]LogModuleManager: Shutting down and abandoning module AnalyticsET (127)
[2015.09.05-12.09.35:022][568]LogModuleManager: Shutting down and abandoning module Analytics (126)
[2015.09.05-12.09.35:022][568]LogModuleManager: Shutting down and abandoning module AITestSuite (125)
[2015.09.05-12.09.35:022][568]LogModuleManager: Shutting down and abandoning module GameplayDebugger (124)
[2015.09.05-12.09.35:022][568]LogModuleManager: Shutting down and abandoning module AIModule (123)
[2015.09.05-12.09.35:022][568]LogModuleManager: Shutting down and abandoning module ProfilerService (122)
[2015.09.05-12.09.35:114][568]LogModuleManager: Shutting down and abandoning module TaskGraph (121)
[2015.09.05-12.09.35:114][568]LogModuleManager: Shutting down and abandoning module SlateRemote (120)
[2015.09.05-12.09.35:114][568]LogModuleManager: Shutting down and abandoning module SteamVRController (119)
[2015.09.05-12.09.35:114][568]LogModuleManager: Shutting down and abandoning module SteamVR (118)
[2015.09.05-12.09.35:114][568]LogModuleManager: Shutting down and abandoning module ProceduralMeshComponent (117)
[2015.09.05-12.09.35:114][568]LogModuleManager: Shutting down and abandoning module OculusRift (116)
[2015.09.05-12.09.35:114][568]LogModuleManager: Shutting down and abandoning module OculusLibrary (115)
[2015.09.05-12.09.35:114][568]LogModuleManager: Shutting down and abandoning module LeapMotionController (114)
[2015.09.05-12.09.35:124][568]LogModuleManager: Shutting down and abandoning module CustomMeshComponent (113)
[2015.09.05-12.09.35:124][568]LogModuleManager: Shutting down and abandoning module CableComponent (112)
[2015.09.05-12.09.35:124][568]LogModuleManager: Shutting down and abandoning module ArchVisCharacter (111)
[2015.09.05-12.09.35:124][568]LogModuleManager: Shutting down and abandoning module MessagingDebugger (110)
[2015.09.05-12.09.35:124][568]LogModuleManager: Shutting down and abandoning module MediaPlayerEditor (109)
[2015.09.05-12.09.35:124][568]LogModuleManager: Shutting down and abandoning module HTML5Networking (108)
[2015.09.05-12.09.35:124][568]LogModuleManager: Shutting down and abandoning module SpeedTreeImporter (107)
[2015.09.05-12.09.35:124][568]LogModuleManager: Shutting down and abandoning module PluginBrowser (106)
[2015.09.05-12.09.35:125][568]LogModuleManager: Shutting down and abandoning module EpicSurvey (105)
[2015.09.05-12.09.35:125][568]LogModuleManager: Shutting down and abandoning module DesktopPlatform (104)
[2015.09.05-12.09.35:125][568]LogModuleManager: Shutting down and abandoning module VisualStudioSourceCodeAccess (103)
[2015.09.05-12.09.35:125][568]LogModuleManager: Shutting down and abandoning module UObjectPlugin (102)
[2015.09.05-12.09.35:125][568]LogModuleManager: Shutting down and abandoning module SubversionSourceControl (101)
[2015.09.05-12.09.35:125][568]LogModuleManager: Shutting down and abandoning module PerforceSourceControl (100)
[2015.09.05-12.09.35:125][568]LogModuleManager: Shutting down and abandoning module SourceControl (99)
[2015.09.05-12.09.35:125][568]LogModuleManager: Shutting down and abandoning module GitSourceControl (98)
[2015.09.05-12.09.35:125][568]LogModuleManager: Shutting down and abandoning module LightPropagationVolumeEditor (97)
[2015.09.05-12.09.35:125][568]LogModuleManager: Shutting down and abandoning module PaperTiledImporter (96)
[2015.09.05-12.09.35:125][568]LogModuleManager: Shutting down and abandoning module PaperSpriteSheetImporter (95)
[2015.09.05-12.09.35:125][568]LogModuleManager: Shutting down and abandoning module MeshPaint (94)
[2015.09.05-12.09.35:125][568]LogModuleManager: Shutting down and abandoning module SlateReflector (93)
[2015.09.05-12.09.35:125][568]LogModuleManager: Shutting down and abandoning module HotReload (92)
[2015.09.05-12.09.35:125][568]LogModuleManager: Shutting down and abandoning module MainFrame (91)
[2015.09.05-12.09.35:125][568]LogModuleManager: Shutting down and abandoning module LevelEditor (90)
[2015.09.05-12.09.35:127][568]LogModuleManager: Shutting down and abandoning module DirectoryWatcher (89)
[2015.09.05-12.09.35:131][568]LogModuleManager: Shutting down and abandoning module AssetRegistry (88)
[2015.09.05-12.09.35:246][568]LogModuleManager: Shutting down and abandoning module ContentBrowser (87)
[2015.09.05-12.09.35:247][568]LogModuleManager: Shutting down and abandoning module Paper2DEditor (86)
[2015.09.05-12.09.35:247][568]LogModuleManager: Shutting down and abandoning module UdpMessaging (85)
[2015.09.05-12.09.35:348][568]LogModuleManager: Shutting down and abandoning module LightPropagationVolumeRuntime (84)
[2015.09.05-12.09.35:348][568]LogModuleManager: Shutting down and abandoning module Paper2D (83)
[2015.09.05-12.09.35:348][568]LogModuleManager: Shutting down and abandoning module WindowsMoviePlayer (82)
[2015.09.05-12.09.35:352][568]LogModuleManager: Shutting down and abandoning module Media (81)
[2015.09.05-12.09.35:352][568]LogModuleManager: Shutting down and abandoning module WmfMedia (80)
[2015.09.05-12.09.35:352][568]LogModuleManager: Shutting down and abandoning module OnlineBlueprintSupport (79)
[2015.09.05-12.09.35:352][568]LogModuleManager: Shutting down and abandoning module GameplayTasksEditor (78)
[2015.09.05-12.09.35:353][568]LogModuleManager: Shutting down and abandoning module PropertyEditor (77)
[2015.09.05-12.09.35:353][568]LogModuleManager: Shutting down and abandoning module BehaviorTreeEditor (76)
[2015.09.05-12.09.35:353][568]LogModuleManager: Shutting down and abandoning module FunctionalTesting (75)
[2015.09.05-12.09.35:353][568]LogModuleManager: Shutting down and abandoning module CollisionAnalyzer (74)
[2015.09.05-12.09.35:353][568]LogModuleManager: Shutting down and abandoning module WorkspaceMenuStructure (73)
[2015.09.05-12.09.35:353][568]LogModuleManager: Shutting down and abandoning module MessageLog (72)
[2015.09.05-12.09.35:353][568]LogModuleManager: Shutting down and abandoning module Sequencer (71)
[2015.09.05-12.09.35:353][568]LogModuleManager: Shutting down and abandoning module AssetTools (70)
[2015.09.05-12.09.35:353][568]LogModuleManager: Shutting down and abandoning module UMGEditor (69)
[2015.09.05-12.09.35:353][568]LogModuleManager: Shutting down and abandoning module UMG (68)
[2015.09.05-12.09.35:353][568]LogModuleManager: Shutting down and abandoning module Slate (67)
[2015.09.05-12.09.35:353][568]LogModuleManager: Shutting down and abandoning module EditorStyle (66)
[2015.09.05-12.09.35:356][568]LogModuleManager: Shutting down and abandoning module SessionServices (65)
[2015.09.05-12.09.35:356][568]LogModuleManager: Shutting down and abandoning module SourceCodeAccess (64)
[2015.09.05-12.09.35:356][568]LogModuleManager: Shutting down and abandoning module HeadMountedDisplay (63)
[2015.09.05-12.09.35:356][568]LogModuleManager: Shutting down and abandoning module XAudio2 (62)
[2015.09.05-12.09.35:356][568]LogModuleManager: Shutting down and abandoning module Networking (60)
[2015.09.05-12.09.35:356][568]LogModuleManager: Shutting down and abandoning module Core (59)
[2015.09.05-12.09.35:356][568]LogModuleManager: Shutting down and abandoning module KismetCompiler (58)
[2015.09.05-12.09.35:356][568]LogModuleManager: Shutting down and abandoning module PhysXFormats (57)
[2015.09.05-12.09.35:356][568]LogModuleManager: Shutting down and abandoning module MeshUtilities (56)
[2015.09.05-12.09.35:356][568]LogModuleManager: Shutting down and abandoning module CookingStats (55)
[2015.09.05-12.09.35:357][568]LogModuleManager: Shutting down and abandoning module DerivedDataCache (54)
[2015.09.05-12.09.35:443][568]LogDerivedDataCache: Shutdown
[2015.09.05-12.09.35:443][568]LogModuleManager: Shutting down and abandoning module ShaderFormatOpenGL (53)
[2015.09.05-12.09.35:443][568]LogModuleManager: Shutting down and abandoning module ShaderFormatD3D (52)
[2015.09.05-12.09.35:443][568]LogModuleManager: Shutting down and abandoning module MetalShaderFormat (51)
[2015.09.05-12.09.35:443][568]LogModuleManager: Shutting down and abandoning module TextureFormatUncompressed (50)
[2015.09.05-12.09.35:443][568]LogModuleManager: Shutting down and abandoning module TextureFormatPVR (49)
[2015.09.05-12.09.35:443][568]LogModuleManager: Shutting down and abandoning module TextureFormatIntelISPCTexComp (48)
[2015.09.05-12.09.35:443][568]LogModuleManager: Shutting down and abandoning module TextureFormatDXT (47)
[2015.09.05-12.09.35:443][568]LogModuleManager: Shutting down and abandoning module ImageWrapper (46)
[2015.09.05-12.09.35:443][568]LogModuleManager: Shutting down and abandoning module TextureFormatASTC (45)
[2015.09.05-12.09.35:443][568]LogModuleManager: Shutting down and abandoning module TextureFormatAndroid (44)
[2015.09.05-12.09.35:443][568]LogModuleManager: Shutting down and abandoning module AudioFormatOpus (43)
[2015.09.05-12.09.35:443][568]LogModuleManager: Shutting down and abandoning module AudioFormatOgg (42)
[2015.09.05-12.09.35:443][568]LogModuleManager: Shutting down and abandoning module AudioFormatADPCM (41)
[2015.09.05-12.09.35:443][568]LogModuleManager: Shutting down and abandoning module LinuxTargetPlatform (40)
[2015.09.05-12.09.35:443][568]LogModuleManager: Shutting down and abandoning module LinuxServerTargetPlatform (39)
[2015.09.05-12.09.35:443][568]LogModuleManager: Shutting down and abandoning module LinuxNoEditorTargetPlatform (38)
[2015.09.05-12.09.35:443][568]LogModuleManager: Shutting down and abandoning module Messaging (37)
[2015.09.05-12.09.35:443][568]LogModuleManager: Shutting down and abandoning module IOSTargetPlatform (36)
[2015.09.05-12.09.35:444][568]LogModuleManager: Shutting down and abandoning module HTML5TargetPlatform (35)
[2015.09.05-12.09.35:444][568]LogModuleManager: Shutting down and abandoning module Android_PVRTCTargetPlatform (34)
[2015.09.05-12.09.35:444][568]LogModuleManager: Shutting down and abandoning module Android_ETC2TargetPlatform (33)
[2015.09.05-12.09.35:444][568]LogModuleManager: Shutting down and abandoning module Android_ETC1TargetPlatform (32)
[2015.09.05-12.09.35:444][568]LogModuleManager: Shutting down and abandoning module Android_DXTTargetPlatform (31)
[2015.09.05-12.09.35:444][568]LogModuleManager: Shutting down and abandoning module Android_ATCTargetPlatform (30)
[2015.09.05-12.09.35:444][568]LogModuleManager: Shutting down and abandoning module Android_ASTCTargetPlatform (29)
[2015.09.05-12.09.35:444][568]LogModuleManager: Shutting down and abandoning module AndroidTargetPlatform (28)
[2015.09.05-12.09.35:444][568]LogModuleManager: Shutting down and abandoning module WindowsTargetPlatform (27)
[2015.09.05-12.09.35:444][568]LogModuleManager: Shutting down and abandoning module WindowsServerTargetPlatform (26)
[2015.09.05-12.09.35:444][568]LogModuleManager: Shutting down and abandoning module WindowsNoEditorTargetPlatform (25)
[2015.09.05-12.09.35:444][568]LogModuleManager: Shutting down and abandoning module WindowsClientTargetPlatform (24)
[2015.09.05-12.09.35:444][568]LogModuleManager: Shutting down and abandoning module AllDesktopTargetPlatform (23)
[2015.09.05-12.09.35:444][568]LogModuleManager: Shutting down and abandoning module TargetPlatform (22)
[2015.09.05-12.09.35:444][568]LogModuleManager: Shutting down and abandoning module InputCore (21)
[2015.09.05-12.09.35:444][568]LogModuleManager: Shutting down and abandoning module Settings (20)
[2015.09.05-12.09.35:444][568]LogModuleManager: Shutting down and abandoning module OnlineSubsystem (18)
[2015.09.05-12.09.35:444][568]LogModuleManager: Shutting down and abandoning module HTTP (17)
[2015.09.05-12.09.37:448][568]LogModuleManager: Shutting down and abandoning module XMPP (16)
[2015.09.05-12.09.37:448][568]LogModuleManager: Shutting down and abandoning module ExampleDeviceProfileSelector (15)
[2015.09.05-12.09.37:448][568]LogModuleManager: Shutting down and abandoning module TextureCompressor (14)
[2015.09.05-12.09.37:448][568]LogModuleManager: Shutting down and abandoning module ShaderCore (13)
[2015.09.05-12.09.37:448][568]LogModuleManager: Shutting down and abandoning module Landscape (12)
[2015.09.05-12.09.37:448][568]LogModuleManager: Shutting down and abandoning module SlateRHIRenderer (11)
[2015.09.05-12.09.37:465][568]LogModuleManager: Shutting down and abandoning module OpenGLDrv (10)
[2015.09.05-12.09.37:465][568]LogModuleManager: Shutting down and abandoning module D3D11RHI (9)
[2015.09.05-12.09.37:465][568]LogModuleManager: Shutting down and abandoning module AnimGraphRuntime (8)
[2015.09.05-12.09.37:465][568]LogModuleManager: Shutting down and abandoning module Renderer (7)
[2015.09.05-12.09.37:465][568]LogModuleManager: Shutting down and abandoning module Engine (6)
[2015.09.05-12.09.37:465][568]LogModuleManager: Shutting down and abandoning module CoreUObject (5)
[2015.09.05-12.09.37:465][568]LogModuleManager: Shutting down and abandoning module NetworkFile (4)
[2015.09.05-12.09.37:465][568]LogModuleManager: Shutting down and abandoning module StreamingFile (3)
[2015.09.05-12.09.37:465][568]LogModuleManager: Shutting down and abandoning module SandboxFile (2)
[2015.09.05-12.09.37:465][568]LogModuleManager: Shutting down and abandoning module PakFile (1)
[2015.09.05-12.09.37:466][568]LogExit: Exiting.
[2015.09.05-12.09.37:497][568]Log file closed, 09/05/15 15:09:37
